
*** Running vivado
    with args -log dds_125m_q.vds -m64 -product Vivado -mode batch -messageDb vivado.pb -notrace -source dds_125m_q.tcl


****** Vivado v2021.1 (64-bit)
  **** SW Build 3247384 on Thu Jun 10 19:36:07 MDT 2021
  **** IP Build 3246043 on Fri Jun 11 00:30:35 MDT 2021
    ** Copyright 1986-2021 Xilinx, Inc. All Rights Reserved.

source dds_125m_q.tcl -notrace
INFO: [IP_Flow 19-234] Refreshing IP repositories
INFO: [IP_Flow 19-1700] Loaded user IP repository '/home/caohuiyang/Work/bbp_vcu128/xdma_bpu_ex/imports/apsk_mdem/apskmod'.
INFO: [IP_Flow 19-1700] Loaded user IP repository '/home/caohuiyang/Work/bbp_vcu128/xdma_bpu_ex/xdma_bpu_ex.srcs/sources_1/ip/rscodeco/rsdecode'.
INFO: [IP_Flow 19-1700] Loaded user IP repository '/home/caohuiyang/Work/bbp_vcu128/xdma_bpu_ex/xdma_bpu_ex.srcs/sources_1/ip/rscodeco/rscode'.
INFO: [IP_Flow 19-1700] Loaded user IP repository '/home/caohuiyang/Work/bbp_vcu128/xdma_bpu_ex/imports/apsk_mdem/apskdemod'.
INFO: [IP_Flow 19-2313] Loaded Vivado IP repository '/tools/Xilinx/Vivado/2021.1/data/ip'.
Command: synth_design -top dds_125m_q -part xcvu37p-fsvh2892-2L-e -mode out_of_context
Starting synth_design
Attempting to get a license for feature 'Synthesis' and/or device 'xcvu37p'
INFO: [Common 17-349] Got license for feature 'Synthesis' and/or device 'xcvu37p'
INFO: [Device 21-403] Loading part xcvu37p-fsvh2892-2L-e
INFO: [Synth 8-7079] Multithreading enabled for synth_design using a maximum of 4 processes.
INFO: [Synth 8-7078] Launching helper process for spawning children vivado processes
INFO: [Synth 8-7075] Helper process launched with PID 26848
---------------------------------------------------------------------------------
Starting RTL Elaboration : Time (s): cpu = 00:00:03 ; elapsed = 00:00:03 . Memory (MB): peak = 3338.832 ; gain = 187.652 ; free physical = 49745 ; free virtual = 55442
---------------------------------------------------------------------------------
INFO: [Synth 8-638] synthesizing module 'dds_125m_q' [/home/caohuiyang/Work/bbp_vcu128/xdma_bpu_ex/imports/bbp/transmit/dds_125m_q/synth/dds_125m_q.vhd:69]
WARNING: [Synth 8-5640] Port 'debug_axi_pinc_in' is missing in component declaration [/home/caohuiyang/Work/bbp_vcu128/xdma_bpu_ex/imports/bbp/transmit/dds_125m_q/synth/dds_125m_q.vhd:72]
WARNING: [Synth 8-5640] Port 'debug_axi_poff_in' is missing in component declaration [/home/caohuiyang/Work/bbp_vcu128/xdma_bpu_ex/imports/bbp/transmit/dds_125m_q/synth/dds_125m_q.vhd:72]
WARNING: [Synth 8-5640] Port 'debug_axi_resync_in' is missing in component declaration [/home/caohuiyang/Work/bbp_vcu128/xdma_bpu_ex/imports/bbp/transmit/dds_125m_q/synth/dds_125m_q.vhd:72]
WARNING: [Synth 8-5640] Port 'debug_axi_chan_in' is missing in component declaration [/home/caohuiyang/Work/bbp_vcu128/xdma_bpu_ex/imports/bbp/transmit/dds_125m_q/synth/dds_125m_q.vhd:72]
WARNING: [Synth 8-5640] Port 'debug_core_nd' is missing in component declaration [/home/caohuiyang/Work/bbp_vcu128/xdma_bpu_ex/imports/bbp/transmit/dds_125m_q/synth/dds_125m_q.vhd:72]
WARNING: [Synth 8-5640] Port 'debug_phase' is missing in component declaration [/home/caohuiyang/Work/bbp_vcu128/xdma_bpu_ex/imports/bbp/transmit/dds_125m_q/synth/dds_125m_q.vhd:72]
WARNING: [Synth 8-5640] Port 'debug_phase_nd' is missing in component declaration [/home/caohuiyang/Work/bbp_vcu128/xdma_bpu_ex/imports/bbp/transmit/dds_125m_q/synth/dds_125m_q.vhd:72]
	Parameter C_XDEVICEFAMILY bound to: virtexuplusHBM - type: string 
	Parameter C_MODE_OF_OPERATION bound to: 0 - type: integer 
	Parameter C_MODULUS bound to: 9 - type: integer 
	Parameter C_ACCUMULATOR_WIDTH bound to: 16 - type: integer 
	Parameter C_CHANNELS bound to: 1 - type: integer 
	Parameter C_HAS_PHASE_OUT bound to: 1 - type: integer 
	Parameter C_HAS_PHASEGEN bound to: 1 - type: integer 
	Parameter C_HAS_SINCOS bound to: 1 - type: integer 
	Parameter C_LATENCY bound to: 3 - type: integer 
	Parameter C_MEM_TYPE bound to: 1 - type: integer 
	Parameter C_NEGATIVE_COSINE bound to: 0 - type: integer 
	Parameter C_NEGATIVE_SINE bound to: 0 - type: integer 
	Parameter C_NOISE_SHAPING bound to: 0 - type: integer 
	Parameter C_OUTPUTS_REQUIRED bound to: 0 - type: integer 
	Parameter C_OUTPUT_FORM bound to: 0 - type: integer 
	Parameter C_OUTPUT_WIDTH bound to: 8 - type: integer 
	Parameter C_PHASE_ANGLE_WIDTH bound to: 8 - type: integer 
	Parameter C_PHASE_INCREMENT bound to: 2 - type: integer 
	Parameter C_PHASE_INCREMENT_VALUE bound to: 0001100110011001,0,0,0,0,0,0,0,0,0,0,0,0,0,0,0 - type: string 
	Parameter C_RESYNC bound to: 0 - type: integer 
	Parameter C_PHASE_OFFSET bound to: 0 - type: integer 
	Parameter C_PHASE_OFFSET_VALUE bound to: 0,0,0,0,0,0,0,0,0,0,0,0,0,0,0,0 - type: string 
	Parameter C_OPTIMISE_GOAL bound to: 1 - type: integer 
	Parameter C_USE_DSP48 bound to: 0 - type: integer 
	Parameter C_POR_MODE bound to: 0 - type: integer 
	Parameter C_AMPLITUDE bound to: 1 - type: integer 
	Parameter C_HAS_ACLKEN bound to: 0 - type: integer 
	Parameter C_HAS_ARESETN bound to: 0 - type: integer 
	Parameter C_HAS_TLAST bound to: 0 - type: integer 
	Parameter C_HAS_TREADY bound to: 0 - type: integer 
	Parameter C_HAS_S_PHASE bound to: 0 - type: integer 
	Parameter C_S_PHASE_TDATA_WIDTH bound to: 1 - type: integer 
	Parameter C_S_PHASE_HAS_TUSER bound to: 0 - type: integer 
	Parameter C_S_PHASE_TUSER_WIDTH bound to: 1 - type: integer 
	Parameter C_HAS_S_CONFIG bound to: 0 - type: integer 
	Parameter C_S_CONFIG_SYNC_MODE bound to: 0 - type: integer 
	Parameter C_S_CONFIG_TDATA_WIDTH bound to: 1 - type: integer 
	Parameter C_HAS_M_DATA bound to: 1 - type: integer 
	Parameter C_M_DATA_TDATA_WIDTH bound to: 8 - type: integer 
	Parameter C_M_DATA_HAS_TUSER bound to: 0 - type: integer 
	Parameter C_M_DATA_TUSER_WIDTH bound to: 1 - type: integer 
	Parameter C_HAS_M_PHASE bound to: 1 - type: integer 
	Parameter C_M_PHASE_TDATA_WIDTH bound to: 16 - type: integer 
	Parameter C_M_PHASE_HAS_TUSER bound to: 0 - type: integer 
	Parameter C_M_PHASE_TUSER_WIDTH bound to: 1 - type: integer 
	Parameter C_DEBUG_INTERFACE bound to: 0 - type: integer 
	Parameter C_CHAN_WIDTH bound to: 1 - type: integer 
INFO: [Synth 8-3491] module 'dds_compiler_v6_0_21' declared at '/home/caohuiyang/Work/bbp_vcu128/xdma_bpu_ex/imports/bbp/transmit/dds_125m_q/hdl/dds_compiler_v6_0_vh_rfs.vhd:47308' bound to instance 'U0' of component 'dds_compiler_v6_0_21' [/home/caohuiyang/Work/bbp_vcu128/xdma_bpu_ex/imports/bbp/transmit/dds_125m_q/synth/dds_125m_q.vhd:174]
INFO: [Synth 8-256] done synthesizing module 'dds_125m_q' (9#1) [/home/caohuiyang/Work/bbp_vcu128/xdma_bpu_ex/imports/bbp/transmit/dds_125m_q/synth/dds_125m_q.vhd:69]
---------------------------------------------------------------------------------
Finished RTL Elaboration : Time (s): cpu = 00:00:05 ; elapsed = 00:00:05 . Memory (MB): peak = 3407.770 ; gain = 256.590 ; free physical = 50283 ; free virtual = 55985
---------------------------------------------------------------------------------
---------------------------------------------------------------------------------
Start Handling Custom Attributes
---------------------------------------------------------------------------------
---------------------------------------------------------------------------------
Finished Handling Custom Attributes : Time (s): cpu = 00:00:05 ; elapsed = 00:00:06 . Memory (MB): peak = 3425.582 ; gain = 274.402 ; free physical = 50247 ; free virtual = 55950
---------------------------------------------------------------------------------
---------------------------------------------------------------------------------
Finished RTL Optimization Phase 1 : Time (s): cpu = 00:00:05 ; elapsed = 00:00:06 . Memory (MB): peak = 3425.582 ; gain = 274.402 ; free physical = 50247 ; free virtual = 55950
---------------------------------------------------------------------------------
Netlist sorting complete. Time (s): cpu = 00:00:00 ; elapsed = 00:00:00.01 . Memory (MB): peak = 3425.582 ; gain = 0.000 ; free physical = 50240 ; free virtual = 55943
INFO: [Project 1-570] Preparing netlist for logic optimization

Processing XDC Constraints
Initializing timing engine
Parsing XDC File [/home/caohuiyang/Work/bbp_vcu128/xdma_bpu_ex/imports/bbp/transmit/dds_125m_q/dds_125m_q_ooc.xdc] for cell 'U0'
Finished Parsing XDC File [/home/caohuiyang/Work/bbp_vcu128/xdma_bpu_ex/imports/bbp/transmit/dds_125m_q/dds_125m_q_ooc.xdc] for cell 'U0'
Parsing XDC File [/home/caohuiyang/Work/bbp_vcu128/xdma_bpu_ex/xdma_bpu_ex.runs/dds_125m_q_synth_1/dont_touch.xdc]
Finished Parsing XDC File [/home/caohuiyang/Work/bbp_vcu128/xdma_bpu_ex/xdma_bpu_ex.runs/dds_125m_q_synth_1/dont_touch.xdc]
Completed Processing XDC Constraints

Netlist sorting complete. Time (s): cpu = 00:00:00 ; elapsed = 00:00:00 . Memory (MB): peak = 3614.176 ; gain = 0.000 ; free physical = 50283 ; free virtual = 55989
INFO: [Project 1-111] Unisim Transformation Summary:
No Unisim elements were transformed.

Constraint Validation Runtime : Time (s): cpu = 00:00:00.02 ; elapsed = 00:00:00.02 . Memory (MB): peak = 3614.176 ; gain = 0.000 ; free physical = 50277 ; free virtual = 55983
---------------------------------------------------------------------------------
Finished Constraint Validation : Time (s): cpu = 00:00:13 ; elapsed = 00:00:14 . Memory (MB): peak = 3614.176 ; gain = 462.996 ; free physical = 50380 ; free virtual = 56083
---------------------------------------------------------------------------------
---------------------------------------------------------------------------------
Start Loading Part and Timing Information
---------------------------------------------------------------------------------
Loading part: xcvu37p-fsvh2892-2L-e
INFO: [Synth 8-6742] Reading net delay rules and data
---------------------------------------------------------------------------------
Finished Loading Part and Timing Information : Time (s): cpu = 00:00:13 ; elapsed = 00:00:14 . Memory (MB): peak = 3614.176 ; gain = 462.996 ; free physical = 50380 ; free virtual = 56083
---------------------------------------------------------------------------------
---------------------------------------------------------------------------------
Start Applying 'set_property' XDC Constraints
---------------------------------------------------------------------------------
Applied set_property KEEP_HIERARCHY = SOFT for U0. (constraint file  /home/caohuiyang/Work/bbp_vcu128/xdma_bpu_ex/xdma_bpu_ex.runs/dds_125m_q_synth_1/dont_touch.xdc, line 9).
---------------------------------------------------------------------------------
Finished applying 'set_property' XDC Constraints : Time (s): cpu = 00:00:13 ; elapsed = 00:00:14 . Memory (MB): peak = 3614.176 ; gain = 462.996 ; free physical = 50380 ; free virtual = 56083
---------------------------------------------------------------------------------
---------------------------------------------------------------------------------
Finished RTL Optimization Phase 2 : Time (s): cpu = 00:00:14 ; elapsed = 00:00:14 . Memory (MB): peak = 3614.176 ; gain = 462.996 ; free physical = 50372 ; free virtual = 56075
---------------------------------------------------------------------------------
---------------------------------------------------------------------------------
Start RTL Component Statistics 
---------------------------------------------------------------------------------
---------------------------------------------------------------------------------
Finished RTL Component Statistics 
---------------------------------------------------------------------------------
---------------------------------------------------------------------------------
Start Part Resource Summary
---------------------------------------------------------------------------------
Part Resources:
DSPs: 9024 (col length:94)
BRAMs: 4032 (col length: RAMB18 288 RAMB36 144)
---------------------------------------------------------------------------------
Finished Part Resource Summary
---------------------------------------------------------------------------------
---------------------------------------------------------------------------------
Start Cross Boundary and Area Optimization
---------------------------------------------------------------------------------
---------------------------------------------------------------------------------
Finished Cross Boundary and Area Optimization : Time (s): cpu = 00:00:14 ; elapsed = 00:00:15 . Memory (MB): peak = 3614.176 ; gain = 462.996 ; free physical = 50358 ; free virtual = 56065
---------------------------------------------------------------------------------
---------------------------------------------------------------------------------
Start Applying XDC Timing Constraints
---------------------------------------------------------------------------------
---------------------------------------------------------------------------------
Finished Applying XDC Timing Constraints : Time (s): cpu = 00:00:23 ; elapsed = 00:00:25 . Memory (MB): peak = 3879.480 ; gain = 728.301 ; free physical = 52177 ; free virtual = 57883
---------------------------------------------------------------------------------
---------------------------------------------------------------------------------
Start Timing Optimization
---------------------------------------------------------------------------------
---------------------------------------------------------------------------------
Finished Timing Optimization : Time (s): cpu = 00:00:23 ; elapsed = 00:00:25 . Memory (MB): peak = 3880.480 ; gain = 729.301 ; free physical = 52176 ; free virtual = 57882
---------------------------------------------------------------------------------
---------------------------------------------------------------------------------
Start Technology Mapping
---------------------------------------------------------------------------------
---------------------------------------------------------------------------------
Finished Technology Mapping : Time (s): cpu = 00:00:23 ; elapsed = 00:00:25 . Memory (MB): peak = 3899.512 ; gain = 748.332 ; free physical = 52173 ; free virtual = 57879
---------------------------------------------------------------------------------
---------------------------------------------------------------------------------
Start IO Insertion
---------------------------------------------------------------------------------
---------------------------------------------------------------------------------
Start Flattening Before IO Insertion
---------------------------------------------------------------------------------
---------------------------------------------------------------------------------
Finished Flattening Before IO Insertion
---------------------------------------------------------------------------------
---------------------------------------------------------------------------------
Start Final Netlist Cleanup
---------------------------------------------------------------------------------
---------------------------------------------------------------------------------
Finished Final Netlist Cleanup
---------------------------------------------------------------------------------
---------------------------------------------------------------------------------
Finished IO Insertion : Time (s): cpu = 00:00:26 ; elapsed = 00:00:28 . Memory (MB): peak = 3905.449 ; gain = 754.270 ; free physical = 52067 ; free virtual = 57813
---------------------------------------------------------------------------------
---------------------------------------------------------------------------------
Start Renaming Generated Instances
---------------------------------------------------------------------------------
---------------------------------------------------------------------------------
Finished Renaming Generated Instances : Time (s): cpu = 00:00:26 ; elapsed = 00:00:28 . Memory (MB): peak = 3905.449 ; gain = 754.270 ; free physical = 52067 ; free virtual = 57813
---------------------------------------------------------------------------------
---------------------------------------------------------------------------------
Start Rebuilding User Hierarchy
---------------------------------------------------------------------------------
---------------------------------------------------------------------------------
Finished Rebuilding User Hierarchy : Time (s): cpu = 00:00:26 ; elapsed = 00:00:28 . Memory (MB): peak = 3905.449 ; gain = 754.270 ; free physical = 52067 ; free virtual = 57813
---------------------------------------------------------------------------------
---------------------------------------------------------------------------------
Start Renaming Generated Ports
---------------------------------------------------------------------------------
---------------------------------------------------------------------------------
Finished Renaming Generated Ports : Time (s): cpu = 00:00:26 ; elapsed = 00:00:28 . Memory (MB): peak = 3905.449 ; gain = 754.270 ; free physical = 52067 ; free virtual = 57813
---------------------------------------------------------------------------------
---------------------------------------------------------------------------------
Start Handling Custom Attributes
---------------------------------------------------------------------------------
---------------------------------------------------------------------------------
Finished Handling Custom Attributes : Time (s): cpu = 00:00:26 ; elapsed = 00:00:28 . Memory (MB): peak = 3905.449 ; gain = 754.270 ; free physical = 52067 ; free virtual = 57813
---------------------------------------------------------------------------------
---------------------------------------------------------------------------------
Start Renaming Generated Nets
---------------------------------------------------------------------------------
---------------------------------------------------------------------------------
Finished Renaming Generated Nets : Time (s): cpu = 00:00:26 ; elapsed = 00:00:28 . Memory (MB): peak = 3905.449 ; gain = 754.270 ; free physical = 52067 ; free virtual = 57813
---------------------------------------------------------------------------------
---------------------------------------------------------------------------------
Start Writing Synthesis Report
---------------------------------------------------------------------------------

Report BlackBoxes: 
+-+--------------+----------+
| |BlackBox name |Instances |
+-+--------------+----------+
+-+--------------+----------+

Report Cell Usage: 
+------+---------+------+
|      |Cell     |Count |
+------+---------+------+
|1     |CARRY8   |     2|
|2     |LUT1     |     8|
|3     |LUT2     |     3|
|4     |RAMB18E2 |     1|
|5     |FDRE     |    56|
+------+---------+------+
---------------------------------------------------------------------------------
Finished Writing Synthesis Report : Time (s): cpu = 00:00:26 ; elapsed = 00:00:28 . Memory (MB): peak = 3905.449 ; gain = 754.270 ; free physical = 52067 ; free virtual = 57813
---------------------------------------------------------------------------------
Synthesis finished with 0 errors, 0 critical warnings and 0 warnings.
Synthesis Optimization Runtime : Time (s): cpu = 00:00:20 ; elapsed = 00:00:22 . Memory (MB): peak = 3905.449 ; gain = 565.676 ; free physical = 52106 ; free virtual = 57852
Synthesis Optimization Complete : Time (s): cpu = 00:00:26 ; elapsed = 00:00:28 . Memory (MB): peak = 3905.457 ; gain = 754.270 ; free physical = 52106 ; free virtual = 57852
INFO: [Project 1-571] Translating synthesized netlist
Netlist sorting complete. Time (s): cpu = 00:00:00 ; elapsed = 00:00:00 . Memory (MB): peak = 3912.387 ; gain = 0.000 ; free physical = 52194 ; free virtual = 57940
INFO: [Netlist 29-17] Analyzing 2 Unisim elements for replacement
INFO: [Netlist 29-28] Unisim Transformation completed in 0 CPU seconds
INFO: [Project 1-570] Preparing netlist for logic optimization
INFO: [Opt 31-138] Pushed 0 inverter(s) to 0 load pin(s).
Netlist sorting complete. Time (s): cpu = 00:00:00 ; elapsed = 00:00:00 . Memory (MB): peak = 4010.371 ; gain = 0.000 ; free physical = 52131 ; free virtual = 57837
INFO: [Project 1-111] Unisim Transformation Summary:
No Unisim elements were transformed.

Synth Design complete, checksum: 58b37bb9
INFO: [Common 17-83] Releasing license: Synthesis
24 Infos, 7 Warnings, 0 Critical Warnings and 0 Errors encountered.
synth_design completed successfully
synth_design: Time (s): cpu = 00:00:38 ; elapsed = 00:00:37 . Memory (MB): peak = 4010.371 ; gain = 1363.559 ; free physical = 52271 ; free virtual = 57977
INFO: [Common 17-1381] The checkpoint '/home/caohuiyang/Work/bbp_vcu128/xdma_bpu_ex/xdma_bpu_ex.runs/dds_125m_q_synth_1/dds_125m_q.dcp' has been generated.
INFO: [Coretcl 2-1648] Added synthesis output to IP cache for IP dds_125m_q, cache-ID = 02c998faf1f7dc47
INFO: [Coretcl 2-1174] Renamed 11 cell refs.
INFO: [Common 17-1381] The checkpoint '/home/caohuiyang/Work/bbp_vcu128/xdma_bpu_ex/xdma_bpu_ex.runs/dds_125m_q_synth_1/dds_125m_q.dcp' has been generated.
INFO: [runtcl-4] Executing : report_utilization -file dds_125m_q_utilization_synth.rpt -pb dds_125m_q_utilization_synth.pb
INFO: [Common 17-206] Exiting Vivado at Thu Sep 30 03:11:32 2021...
