

================================================================
== Vitis HLS Report for 'encode_rs'
================================================================
* Date:           Tue Aug  3 04:45:01 2021

* Version:        2020.2 (Build 3064766 on Wed Nov 18 09:12:47 MST 2020)
* Project:        rscode
* Solution:       solution1 (Vivado IP Flow Target)
* Product family: virtexuplus
* Target device:  xcvu37p-fsvh2892-2L-e


================================================================
== Performance Estimates
================================================================
+ Timing: 
    * Summary: 
    +--------+----------+----------+------------+
    |  Clock |  Target  | Estimated| Uncertainty|
    +--------+----------+----------+------------+
    |ap_clk  |  10.00 ns|  3.625 ns|     2.70 ns|
    +--------+----------+----------+------------+

+ Latency: 
    * Summary: 
    +---------+---------+----------+----------+-------+-------+---------+
    |  Latency (cycles) |  Latency (absolute) |    Interval   | Pipeline|
    |   min   |   max   |    min   |    max   |  min  |  max  |   Type  |
    +---------+---------+----------+----------+-------+-------+---------+
    |    11211|    16626|  0.112 ms|  0.166 ms|  11212|  16627|     none|
    +---------+---------+----------+----------+-------+-------+---------+

    + Detail: 
        * Instance: 
        N/A

        * Loop: 
        +--------------------+---------+---------+----------+-----------+-----------+--------+----------+
        |                    |  Latency (cycles) | Iteration|  Initiation Interval  |  Trip  |          |
        |      Loop Name     |   min   |   max   |  Latency |  achieved |   target  |  Count | Pipelined|
        +--------------------+---------+---------+----------+-----------+-----------+--------+----------+
        |- VITIS_LOOP_60_1   |       16|       16|         2|          2|          1|       8|       yes|
        |- VITIS_LOOP_70_2   |      492|      492|         2|          2|          1|     246|       yes|
        |- VITIS_LOOP_79_3   |      255|      255|         2|          1|          1|     255|       yes|
        |- VITIS_LOOP_90_1   |      665|     6080|  35 ~ 320|          -|          -|      19|        no|
        | + VITIS_LOOP_93_2  |       16|      301|        17|         15|          1|  1 ~ 20|       yes|
        |- VITIS_LOOP_105_3  |       22|       22|         3|          1|          1|      21|       yes|
        |- VITIS_LOOP_107_4  |       21|       21|         2|          1|          1|      21|       yes|
        |- VITIS_LOOP_20_1   |      235|      235|         1|          1|          1|     235|       yes|
        |- VITIS_LOOP_22_2   |       20|       20|         1|          1|          1|      20|       yes|
        |- VITIS_LOOP_23_3   |     9174|     9174|        49|         39|          1|     235|       yes|
        |- VITIS_LOOP_44_6   |       20|       20|         2|          1|          1|      20|       yes|
        |- VITIS_LOOP_47_7   |       21|       21|         3|          1|          1|      20|       yes|
        |- VITIS_LOOP_49_8   |      236|      236|         3|          1|          1|     235|       yes|
        +--------------------+---------+---------+----------+-----------+-----------+--------+----------+



================================================================
== Utilization Estimates
================================================================
* Summary: 
+---------------------+---------+------+---------+---------+-----+
|         Name        | BRAM_18K|  DSP |    FF   |   LUT   | URAM|
+---------------------+---------+------+---------+---------+-----+
|DSP                  |        -|     -|        -|        -|    -|
|Expression           |        -|     -|        0|     2581|    -|
|FIFO                 |        -|     -|        -|        -|    -|
|Instance             |        -|     -|    46073|    35011|    -|
|Memory               |        2|     -|       72|       99|    -|
|Multiplexer          |        -|     -|        -|     1832|    -|
|Register             |        -|     -|     3165|        -|    -|
+---------------------+---------+------+---------+---------+-----+
|Total                |        2|     0|    49310|    39523|    0|
+---------------------+---------+------+---------+---------+-----+
|Available SLR        |     1344|  3008|   869120|   434560|  320|
+---------------------+---------+------+---------+---------+-----+
|Utilization SLR (%)  |       ~0|     0|        5|        9|    0|
+---------------------+---------+------+---------+---------+-----+
|Available            |     4032|  9024|  2607360|  1303680|  960|
+---------------------+---------+------+---------+---------+-----+
|Utilization (%)      |       ~0|     0|        1|        3|    0|
+---------------------+---------+------+---------+---------+-----+

+ Detail: 
    * Instance: 
    +-----------------------------+--------------------------+---------+----+------+------+-----+
    |           Instance          |          Module          | BRAM_18K| DSP|  FF  |  LUT | URAM|
    +-----------------------------+--------------------------+---------+----+------+------+-----+
    |srem_10ns_9ns_8_14_1_U1      |srem_10ns_9ns_8_14_1      |        0|   0|   282|   194|    0|
    |srem_10ns_9ns_8_14_seq_1_U2  |srem_10ns_9ns_8_14_seq_1  |        0|   0|   131|    57|    0|
    |srem_32ns_9ns_8_36_1_U3      |srem_32ns_9ns_8_36_1      |        0|   0|  2283|  1738|    0|
    |srem_32ns_9ns_8_36_1_U4      |srem_32ns_9ns_8_36_1      |        0|   0|  2283|  1738|    0|
    |srem_32ns_9ns_8_36_1_U5      |srem_32ns_9ns_8_36_1      |        0|   0|  2283|  1738|    0|
    |srem_32ns_9ns_8_36_1_U6      |srem_32ns_9ns_8_36_1      |        0|   0|  2283|  1738|    0|
    |srem_32ns_9ns_8_36_1_U7      |srem_32ns_9ns_8_36_1      |        0|   0|  2283|  1738|    0|
    |srem_32ns_9ns_8_36_1_U8      |srem_32ns_9ns_8_36_1      |        0|   0|  2283|  1738|    0|
    |srem_32ns_9ns_8_36_1_U9      |srem_32ns_9ns_8_36_1      |        0|   0|  2283|  1738|    0|
    |srem_32ns_9ns_8_36_1_U10     |srem_32ns_9ns_8_36_1      |        0|   0|  2283|  1738|    0|
    |srem_32ns_9ns_8_36_1_U11     |srem_32ns_9ns_8_36_1      |        0|   0|  2283|  1738|    0|
    |srem_32ns_9ns_8_36_1_U12     |srem_32ns_9ns_8_36_1      |        0|   0|  2283|  1738|    0|
    |srem_32ns_9ns_8_36_1_U13     |srem_32ns_9ns_8_36_1      |        0|   0|  2283|  1738|    0|
    |srem_32ns_9ns_8_36_1_U14     |srem_32ns_9ns_8_36_1      |        0|   0|  2283|  1738|    0|
    |srem_32ns_9ns_8_36_1_U15     |srem_32ns_9ns_8_36_1      |        0|   0|  2283|  1738|    0|
    |srem_32ns_9ns_8_36_1_U16     |srem_32ns_9ns_8_36_1      |        0|   0|  2283|  1738|    0|
    |srem_32ns_9ns_8_36_1_U17     |srem_32ns_9ns_8_36_1      |        0|   0|  2283|  1738|    0|
    |srem_32ns_9ns_8_36_1_U18     |srem_32ns_9ns_8_36_1      |        0|   0|  2283|  1738|    0|
    |srem_32ns_9ns_8_36_1_U19     |srem_32ns_9ns_8_36_1      |        0|   0|  2283|  1738|    0|
    |srem_32ns_9ns_8_36_1_U20     |srem_32ns_9ns_8_36_1      |        0|   0|  2283|  1738|    0|
    |srem_32ns_9ns_8_36_1_U21     |srem_32ns_9ns_8_36_1      |        0|   0|  2283|  1738|    0|
    |srem_32ns_9ns_8_36_1_U22     |srem_32ns_9ns_8_36_1      |        0|   0|  2283|  1738|    0|
    +-----------------------------+--------------------------+---------+----+------+------+-----+
    |Total                        |                          |        0|   0| 46073| 35011|    0|
    +-----------------------------+--------------------------+---------+----+------+------+-----+

    * DSP: 
    N/A

    * Memory: 
    +------------+----------+---------+----+----+-----+------+-----+------+-------------+
    |   Memory   |  Module  | BRAM_18K| FF | LUT| URAM| Words| Bits| Banks| W*Bits*Banks|
    +------------+----------+---------+----+----+-----+------+-----+------+-------------+
    |alpha_to_U  |alpha_to  |        1|   0|   0|    0|   256|   32|     1|         8192|
    |bb_U        |bb        |        0|  32|  33|    0|    20|   32|     1|          640|
    |data_U      |data      |        0|   8|  33|    0|   235|    8|     1|         1880|
    |gg_U        |gg        |        0|  32|  33|    0|    21|   32|     1|          672|
    |index_of_U  |index_of  |        1|   0|   0|    0|   256|    9|     1|         2304|
    +------------+----------+---------+----+----+-----+------+-----+------+-------------+
    |Total       |          |        2|  72|  99|    0|   788|  113|     5|        13688|
    +------------+----------+---------+----+----+-----+------+-----+------+-------------+

    * FIFO: 
    N/A

    * Expression: 
    +-------------------------------------+----------+----+---+----+------------+------------+
    |            Variable Name            | Operation| DSP| FF| LUT| Bitwidth P0| Bitwidth P1|
    +-------------------------------------+----------+----+---+----+------------+------------+
    |add_ln105_fu_1666_p2                 |         +|   0|  0|  12|           5|           1|
    |add_ln107_fu_1693_p2                 |         +|   0|  0|  12|           5|           1|
    |add_ln20_fu_1710_p2                  |         +|   0|  0|  15|           8|           1|
    |add_ln22_fu_1732_p2                  |         +|   0|  0|  12|           5|           1|
    |add_ln23_fu_2145_p2                  |         +|   0|  0|  16|           9|           2|
    |add_ln44_fu_2396_p2                  |         +|   0|  0|  12|           5|           1|
    |add_ln47_fu_2413_p2                  |         +|   0|  0|  12|           5|           1|
    |add_ln49_fu_2430_p2                  |         +|   0|  0|  15|           8|           1|
    |add_ln60_fu_1277_p2                  |         +|   0|  0|  12|           4|           1|
    |add_ln70_fu_1376_p2                  |         +|   0|  0|  15|           8|           1|
    |add_ln72_fu_1356_p2                  |         +|   0|  0|  15|           8|           2|
    |add_ln79_fu_1460_p2                  |         +|   0|  0|  15|           8|           1|
    |add_ln90_1_fu_1631_p2                |         +|   0|  0|  12|           5|           1|
    |add_ln90_fu_1625_p2                  |         +|   0|  0|  12|           5|           1|
    |add_ln93_fu_1569_p2                  |         +|   0|  0|  13|           6|           2|
    |grp_fu_1563_p0                       |         +|   0|  0|  17|          10|          10|
    |grp_fu_1651_p0                       |         +|   0|  0|  17|          10|          10|
    |grp_fu_1889_p0                       |         +|   0|  0|  39|          32|          32|
    |grp_fu_1900_p0                       |         +|   0|  0|  39|          32|          32|
    |grp_fu_1911_p0                       |         +|   0|  0|  39|          32|          32|
    |grp_fu_1922_p0                       |         +|   0|  0|  39|          32|          32|
    |grp_fu_1933_p0                       |         +|   0|  0|  39|          32|          32|
    |grp_fu_1944_p0                       |         +|   0|  0|  39|          32|          32|
    |grp_fu_1955_p0                       |         +|   0|  0|  39|          32|          32|
    |grp_fu_1966_p0                       |         +|   0|  0|  39|          32|          32|
    |grp_fu_1977_p0                       |         +|   0|  0|  39|          32|          32|
    |grp_fu_1988_p0                       |         +|   0|  0|  39|          32|          32|
    |grp_fu_1999_p0                       |         +|   0|  0|  39|          32|          32|
    |grp_fu_2010_p0                       |         +|   0|  0|  39|          32|          32|
    |grp_fu_2021_p0                       |         +|   0|  0|  39|          32|          32|
    |grp_fu_2032_p0                       |         +|   0|  0|  39|          32|          32|
    |grp_fu_2043_p0                       |         +|   0|  0|  39|          32|          32|
    |grp_fu_2054_p0                       |         +|   0|  0|  39|          32|          32|
    |grp_fu_2065_p0                       |         +|   0|  0|  39|          32|          32|
    |grp_fu_2076_p0                       |         +|   0|  0|  39|          32|          32|
    |grp_fu_2087_p0                       |         +|   0|  0|  39|          32|          32|
    |grp_fu_2098_p0                       |         +|   0|  0|  39|          32|          32|
    |ap_block_state122_io                 |       and|   0|  0|   2|           1|           1|
    |ap_block_state123_io                 |       and|   0|  0|   2|           1|           1|
    |ap_block_state125_pp11_stage0_iter0  |       and|   0|  0|   2|           1|           1|
    |ap_block_state126_io                 |       and|   0|  0|   2|           1|           1|
    |ap_block_state127_io                 |       and|   0|  0|   2|           1|           1|
    |ap_block_state54                     |       and|   0|  0|   2|           1|           1|
    |addr_cmp139_fu_1530_p2               |      icmp|   0|  0|  29|          64|          64|
    |addr_cmp143_fu_1583_p2               |      icmp|   0|  0|  29|          64|          64|
    |addr_cmp_fu_1370_p2                  |      icmp|   0|  0|  29|          64|          64|
    |icmp_ln105_fu_1672_p2                |      icmp|   0|  0|   9|           5|           5|
    |icmp_ln107_fu_1699_p2                |      icmp|   0|  0|   9|           5|           5|
    |icmp_ln20_fu_1716_p2                 |      icmp|   0|  0|  11|           8|           6|
    |icmp_ln22_fu_1738_p2                 |      icmp|   0|  0|   9|           5|           5|
    |icmp_ln27_fu_1878_p2                 |      icmp|   0|  0|  11|           9|           2|
    |icmp_ln30_10_fu_1799_p2              |      icmp|   0|  0|  20|          32|           2|
    |icmp_ln30_11_fu_1804_p2              |      icmp|   0|  0|  20|          32|           2|
    |icmp_ln30_12_fu_1809_p2              |      icmp|   0|  0|  20|          32|           2|
    |icmp_ln30_13_fu_1814_p2              |      icmp|   0|  0|  20|          32|           2|
    |icmp_ln30_14_fu_1819_p2              |      icmp|   0|  0|  20|          32|           2|
    |icmp_ln30_15_fu_1824_p2              |      icmp|   0|  0|  20|          32|           2|
    |icmp_ln30_16_fu_1829_p2              |      icmp|   0|  0|  20|          32|           2|
    |icmp_ln30_17_fu_1834_p2              |      icmp|   0|  0|  20|          32|           2|
    |icmp_ln30_18_fu_1840_p2              |      icmp|   0|  0|  20|          32|           2|
    |icmp_ln30_1_fu_1754_p2               |      icmp|   0|  0|  20|          32|           2|
    |icmp_ln30_2_fu_1759_p2               |      icmp|   0|  0|  20|          32|           2|
    |icmp_ln30_3_fu_1764_p2               |      icmp|   0|  0|  20|          32|           2|
    |icmp_ln30_4_fu_1769_p2               |      icmp|   0|  0|  20|          32|           2|
    |icmp_ln30_5_fu_1774_p2               |      icmp|   0|  0|  20|          32|           2|
    |icmp_ln30_6_fu_1779_p2               |      icmp|   0|  0|  20|          32|           2|
    |icmp_ln30_7_fu_1784_p2               |      icmp|   0|  0|  20|          32|           2|
    |icmp_ln30_8_fu_1789_p2               |      icmp|   0|  0|  20|          32|           2|
    |icmp_ln30_9_fu_1794_p2               |      icmp|   0|  0|  20|          32|           2|
    |icmp_ln30_fu_1749_p2                 |      icmp|   0|  0|  20|          32|           2|
    |icmp_ln44_fu_2402_p2                 |      icmp|   0|  0|   9|           5|           5|
    |icmp_ln47_fu_2419_p2                 |      icmp|   0|  0|   9|           5|           5|
    |icmp_ln49_fu_2436_p2                 |      icmp|   0|  0|  11|           8|           6|
    |icmp_ln60_fu_1283_p2                 |      icmp|   0|  0|   9|           4|           5|
    |icmp_ln70_fu_1350_p2                 |      icmp|   0|  0|  11|           8|           2|
    |icmp_ln72_fu_1407_p2                 |      icmp|   0|  0|  16|          25|           1|
    |icmp_ln79_fu_1466_p2                 |      icmp|   0|  0|  11|           8|           2|
    |icmp_ln90_fu_1483_p2                 |      icmp|   0|  0|   9|           5|           5|
    |icmp_ln93_fu_1512_p2                 |      icmp|   0|  0|  10|           6|           1|
    |icmp_ln94_fu_1543_p2                 |      icmp|   0|  0|  20|          32|           1|
    |lshr_ln64_fu_1312_p2                 |      lshr|   0|  0|  16|           5|           8|
    |ap_block_pp10_stage0_01001           |        or|   0|  0|   2|           1|           1|
    |ap_block_pp10_stage0_11001           |        or|   0|  0|   2|           1|           1|
    |ap_block_pp11_stage0_01001           |        or|   0|  0|   2|           1|           1|
    |ap_block_pp11_stage0_11001           |        or|   0|  0|   2|           1|           1|
    |reuse_select140_fu_1535_p3           |    select|   0|  0|  32|           1|          32|
    |reuse_select144_fu_1605_p3           |    select|   0|  0|  32|           1|          32|
    |reuse_select_fu_1390_p3              |    select|   0|  0|  32|           1|          32|
    |select_ln72_fu_1431_p3               |    select|   0|  0|  32|           1|          32|
    |ap_enable_pp10                       |       xor|   0|  0|   2|           1|           2|
    |ap_enable_pp11                       |       xor|   0|  0|   2|           1|           2|
    |ap_enable_pp2                        |       xor|   0|  0|   2|           1|           2|
    |ap_enable_pp3                        |       xor|   0|  0|   2|           1|           2|
    |ap_enable_pp4                        |       xor|   0|  0|   2|           1|           2|
    |ap_enable_pp5                        |       xor|   0|  0|   2|           1|           2|
    |ap_enable_pp8                        |       xor|   0|  0|   2|           1|           2|
    |ap_enable_pp9                        |       xor|   0|  0|   2|           1|           2|
    |ap_enable_reg_pp10_iter1             |       xor|   0|  0|   2|           2|           1|
    |ap_enable_reg_pp11_iter1             |       xor|   0|  0|   2|           2|           1|
    |ap_enable_reg_pp2_iter1              |       xor|   0|  0|   2|           2|           1|
    |ap_enable_reg_pp4_iter1              |       xor|   0|  0|   2|           2|           1|
    |ap_enable_reg_pp5_iter1              |       xor|   0|  0|   2|           2|           1|
    |ap_enable_reg_pp9_iter1              |       xor|   0|  0|   2|           2|           1|
    |xor_ln26_fu_1863_p2                  |       xor|   0|  0|   8|           8|           8|
    |xor_ln31_10_fu_2289_p2               |       xor|   0|  0|  32|          32|          32|
    |xor_ln31_11_fu_2254_p2               |       xor|   0|  0|  32|          32|          32|
    |xor_ln31_12_fu_2260_p2               |       xor|   0|  0|  32|          32|          32|
    |xor_ln31_13_fu_2225_p2               |       xor|   0|  0|  32|          32|          32|
    |xor_ln31_14_fu_2231_p2               |       xor|   0|  0|  32|          32|          32|
    |xor_ln31_15_fu_2196_p2               |       xor|   0|  0|  32|          32|          32|
    |xor_ln31_16_fu_2202_p2               |       xor|   0|  0|  32|          32|          32|
    |xor_ln31_17_fu_2167_p2               |       xor|   0|  0|  32|          32|          32|
    |xor_ln31_18_fu_2173_p2               |       xor|   0|  0|  32|          32|          32|
    |xor_ln31_1_fu_2354_p2                |       xor|   0|  0|  32|          32|          32|
    |xor_ln31_2_fu_2360_p2                |       xor|   0|  0|  32|          32|          32|
    |xor_ln31_3_fu_2383_p2                |       xor|   0|  0|  32|          32|          32|
    |xor_ln31_4_fu_2390_p2                |       xor|   0|  0|  32|          32|          32|
    |xor_ln31_5_fu_2341_p2                |       xor|   0|  0|  32|          32|          32|
    |xor_ln31_6_fu_2347_p2                |       xor|   0|  0|  32|          32|          32|
    |xor_ln31_7_fu_2312_p2                |       xor|   0|  0|  32|          32|          32|
    |xor_ln31_8_fu_2318_p2                |       xor|   0|  0|  32|          32|          32|
    |xor_ln31_9_fu_2283_p2                |       xor|   0|  0|  32|          32|          32|
    |xor_ln31_fu_2122_p2                  |       xor|   0|  0|  32|          32|          32|
    |xor_ln65_fu_1322_p2                  |       xor|   0|  0|  32|          32|          32|
    |xor_ln73_1_fu_1425_p2                |       xor|   0|  0|  32|          32|          32|
    |xor_ln73_fu_1419_p2                  |       xor|   0|  0|  32|          32|           9|
    |xor_ln95_fu_1613_p2                  |       xor|   0|  0|  32|          32|          32|
    +-------------------------------------+----------+----+---+----+------------+------------+
    |Total                                |          |   0|  0|2581|        2475|        1853|
    +-------------------------------------+----------+----+---+----+------------+------------+

    * Multiplexer: 
    +----------------------------------------------+-----+-----------+-----+-----------+
    |                     Name                     | LUT | Input Size| Bits| Total Bits|
    +----------------------------------------------+-----+-----------+-----+-----------+
    |alpha_to_address0                             |   65|         16|    8|        128|
    |alpha_to_address1                             |   65|         14|    8|        112|
    |alpha_to_d0                                   |   14|          3|   32|         96|
    |alpha_to_d1                                   |   14|          3|   32|         96|
    |ap_NS_fsm                                     |  535|        108|    1|        108|
    |ap_enable_reg_pp10_iter1                      |    9|          2|    1|          2|
    |ap_enable_reg_pp10_iter2                      |    9|          2|    1|          2|
    |ap_enable_reg_pp11_iter1                      |    9|          2|    1|          2|
    |ap_enable_reg_pp11_iter2                      |    9|          2|    1|          2|
    |ap_enable_reg_pp2_iter1                       |   14|          3|    1|          3|
    |ap_enable_reg_pp3_iter1                       |    9|          2|    1|          2|
    |ap_enable_reg_pp4_iter1                       |    9|          2|    1|          2|
    |ap_enable_reg_pp4_iter2                       |    9|          2|    1|          2|
    |ap_enable_reg_pp5_iter1                       |   14|          3|    1|          3|
    |ap_enable_reg_pp8_iter1                       |    9|          2|    1|          2|
    |ap_enable_reg_pp9_iter1                       |   14|          3|    1|          3|
    |ap_phi_mux_i_8_phi_fu_914_p4                  |    9|          2|    9|         18|
    |ap_phi_mux_j_phi_fu_849_p4                    |    9|          2|    6|         12|
    |ap_phi_mux_storemerge1_0_phi_fu_925_p4        |    9|          2|   32|         64|
    |ap_phi_mux_storemerge1_10_phi_fu_1018_p4      |    9|          2|   32|         64|
    |ap_phi_mux_storemerge1_12_phi_fu_998_p4       |    9|          2|   32|         64|
    |ap_phi_mux_storemerge1_14_phi_fu_978_p4       |    9|          2|   32|         64|
    |ap_phi_mux_storemerge1_16_phi_fu_958_p4       |    9|          2|   32|         64|
    |ap_phi_mux_storemerge1_18_phi_fu_948_p4       |    9|          2|   32|         64|
    |ap_phi_mux_storemerge1_2_phi_fu_1078_p4       |    9|          2|   32|         64|
    |ap_phi_mux_storemerge1_3_phi_fu_1108_p4       |    9|          2|   32|         64|
    |ap_phi_mux_storemerge1_6_phi_fu_1058_p4       |    9|          2|   32|         64|
    |ap_phi_mux_storemerge1_8_phi_fu_1038_p4       |    9|          2|   32|         64|
    |ap_phi_mux_storemerge2_phi_fu_859_p4          |   14|          3|   32|         96|
    |ap_phi_mux_storemerge_phi_fu_936_p4           |    9|          2|   32|         64|
    |ap_phi_reg_pp8_iter1_storemerge1_11_reg_1025  |    9|          2|   32|         64|
    |ap_phi_reg_pp8_iter1_storemerge1_13_reg_1005  |    9|          2|   32|         64|
    |ap_phi_reg_pp8_iter1_storemerge1_15_reg_985   |    9|          2|   32|         64|
    |ap_phi_reg_pp8_iter1_storemerge1_17_reg_965   |    9|          2|   32|         64|
    |ap_phi_reg_pp8_iter1_storemerge1_1_reg_1095   |    9|          2|   32|         64|
    |ap_phi_reg_pp8_iter1_storemerge1_4_reg_1115   |    9|          2|   32|         64|
    |ap_phi_reg_pp8_iter1_storemerge1_5_reg_1085   |    9|          2|   32|         64|
    |ap_phi_reg_pp8_iter1_storemerge1_7_reg_1065   |    9|          2|   32|         64|
    |ap_phi_reg_pp8_iter1_storemerge1_9_reg_1045   |    9|          2|   32|         64|
    |ap_sig_allocacmp_reuse_reg135_load            |    9|          2|   32|         64|
    |bb_address0                                   |   65|         15|    5|         75|
    |bb_address1                                   |   65|         15|    5|         75|
    |bb_d0                                         |  102|         21|   32|        672|
    |bb_d1                                         |  102|         21|   32|        672|
    |data_address0                                 |   14|          3|    8|         24|
    |data_in_TDATA_blk_n                           |    9|          2|    1|          2|
    |gg_address0                                   |   65|         16|    5|         80|
    |gg_address1                                   |   65|         15|    5|         75|
    |gg_d0                                         |   14|          3|   32|         96|
    |gg_d1                                         |   20|          4|   32|        128|
    |i_10_reg_1136                                 |    9|          2|    5|         10|
    |i_11_reg_1147                                 |    9|          2|    8|         16|
    |i_1_reg_799                                   |    9|          2|    8|         16|
    |i_2_reg_811                                   |    9|          2|    8|         16|
    |i_3_reg_822                                   |    9|          2|    5|         10|
    |i_4_reg_866                                   |    9|          2|    5|         10|
    |i_5_reg_877                                   |    9|          2|    5|         10|
    |i_6_reg_888                                   |    9|          2|    8|         16|
    |i_7_reg_899                                   |    9|          2|    5|         10|
    |i_8_reg_910                                   |    9|          2|    9|         18|
    |i_9_reg_1125                                  |    9|          2|    5|         10|
    |i_reg_775                                     |    9|          2|    4|          8|
    |index_of_address0                             |   54|         10|    8|         80|
    |index_of_d0                                   |   26|          5|    9|         45|
    |indvars_iv47_reg_834                          |    9|          2|    5|         10|
    |j_reg_846                                     |    9|          2|    6|         12|
    |mask_reg_786                                  |    9|          2|   32|         64|
    |recd_out_TDATA_blk_n                          |    9|          2|    1|          2|
    |recd_out_TDATA_int_regslice                   |   14|          3|   32|         96|
    |reg_1161                                      |    9|          2|   32|         64|
    |reuse_addr_reg136_fu_244                      |    9|          2|   64|        128|
    |reuse_addr_reg_fu_252                         |    9|          2|   64|        128|
    |reuse_reg135_fu_248                           |    9|          2|   32|         64|
    |reuse_reg_fu_256                              |    9|          2|   32|         64|
    +----------------------------------------------+-----+-----------+-----+-----------+
    |Total                                         | 1832|        393| 1360|       4841|
    +----------------------------------------------+-----+-----------+-----+-----------+

    * Register: 
    +----------------------------------------------+-----+----+-----+-----------+
    |                     Name                     |  FF | LUT| Bits| Const Bits|
    +----------------------------------------------+-----+----+-----+-----------+
    |add_ln23_reg_3103                             |    9|   0|    9|          0|
    |add_ln60_reg_2471                             |    4|   0|    4|          0|
    |add_ln90_1_reg_2607                           |    5|   0|    5|          0|
    |add_ln90_reg_2602                             |    5|   0|    5|          0|
    |add_ln93_cast_cast_reg_2582                   |    5|   0|   64|         59|
    |add_ln93_reg_2577                             |    6|   0|    6|          0|
    |addr_cmp143_reg_2587                          |    1|   0|    1|          0|
    |addr_cmp_reg_2497                             |    1|   0|    1|          0|
    |ap_CS_fsm                                     |  107|   0|  107|          0|
    |ap_enable_reg_pp10_iter0                      |    1|   0|    1|          0|
    |ap_enable_reg_pp10_iter1                      |    1|   0|    1|          0|
    |ap_enable_reg_pp10_iter2                      |    1|   0|    1|          0|
    |ap_enable_reg_pp11_iter0                      |    1|   0|    1|          0|
    |ap_enable_reg_pp11_iter1                      |    1|   0|    1|          0|
    |ap_enable_reg_pp11_iter2                      |    1|   0|    1|          0|
    |ap_enable_reg_pp2_iter0                       |    1|   0|    1|          0|
    |ap_enable_reg_pp2_iter1                       |    1|   0|    1|          0|
    |ap_enable_reg_pp3_iter0                       |    1|   0|    1|          0|
    |ap_enable_reg_pp3_iter1                       |    1|   0|    1|          0|
    |ap_enable_reg_pp4_iter0                       |    1|   0|    1|          0|
    |ap_enable_reg_pp4_iter1                       |    1|   0|    1|          0|
    |ap_enable_reg_pp4_iter2                       |    1|   0|    1|          0|
    |ap_enable_reg_pp5_iter0                       |    1|   0|    1|          0|
    |ap_enable_reg_pp5_iter1                       |    1|   0|    1|          0|
    |ap_enable_reg_pp8_iter0                       |    1|   0|    1|          0|
    |ap_enable_reg_pp8_iter1                       |    1|   0|    1|          0|
    |ap_enable_reg_pp9_iter0                       |    1|   0|    1|          0|
    |ap_enable_reg_pp9_iter1                       |    1|   0|    1|          0|
    |ap_phi_reg_pp8_iter0_storemerge1_0_reg_922    |   32|   0|   32|          0|
    |ap_phi_reg_pp8_iter0_storemerge1_10_reg_1015  |   32|   0|   32|          0|
    |ap_phi_reg_pp8_iter0_storemerge1_11_reg_1025  |   32|   0|   32|          0|
    |ap_phi_reg_pp8_iter0_storemerge1_12_reg_995   |   32|   0|   32|          0|
    |ap_phi_reg_pp8_iter0_storemerge1_13_reg_1005  |   32|   0|   32|          0|
    |ap_phi_reg_pp8_iter0_storemerge1_14_reg_975   |   32|   0|   32|          0|
    |ap_phi_reg_pp8_iter0_storemerge1_15_reg_985   |   32|   0|   32|          0|
    |ap_phi_reg_pp8_iter0_storemerge1_16_reg_955   |   32|   0|   32|          0|
    |ap_phi_reg_pp8_iter0_storemerge1_17_reg_965   |   32|   0|   32|          0|
    |ap_phi_reg_pp8_iter0_storemerge1_18_reg_945   |   32|   0|   32|          0|
    |ap_phi_reg_pp8_iter0_storemerge1_1_reg_1095   |   32|   0|   32|          0|
    |ap_phi_reg_pp8_iter0_storemerge1_2_reg_1075   |   32|   0|   32|          0|
    |ap_phi_reg_pp8_iter0_storemerge1_3_reg_1105   |   32|   0|   32|          0|
    |ap_phi_reg_pp8_iter0_storemerge1_4_reg_1115   |   32|   0|   32|          0|
    |ap_phi_reg_pp8_iter0_storemerge1_5_reg_1085   |   32|   0|   32|          0|
    |ap_phi_reg_pp8_iter0_storemerge1_6_reg_1055   |   32|   0|   32|          0|
    |ap_phi_reg_pp8_iter0_storemerge1_7_reg_1065   |   32|   0|   32|          0|
    |ap_phi_reg_pp8_iter0_storemerge1_8_reg_1035   |   32|   0|   32|          0|
    |ap_phi_reg_pp8_iter0_storemerge1_9_reg_1045   |   32|   0|   32|          0|
    |ap_phi_reg_pp8_iter1_storemerge1_10_reg_1015  |   32|   0|   32|          0|
    |ap_phi_reg_pp8_iter1_storemerge1_11_reg_1025  |   32|   0|   32|          0|
    |ap_phi_reg_pp8_iter1_storemerge1_12_reg_995   |   32|   0|   32|          0|
    |ap_phi_reg_pp8_iter1_storemerge1_13_reg_1005  |   32|   0|   32|          0|
    |ap_phi_reg_pp8_iter1_storemerge1_14_reg_975   |   32|   0|   32|          0|
    |ap_phi_reg_pp8_iter1_storemerge1_15_reg_985   |   32|   0|   32|          0|
    |ap_phi_reg_pp8_iter1_storemerge1_16_reg_955   |   32|   0|   32|          0|
    |ap_phi_reg_pp8_iter1_storemerge1_17_reg_965   |   32|   0|   32|          0|
    |ap_phi_reg_pp8_iter1_storemerge1_18_reg_945   |   32|   0|   32|          0|
    |ap_phi_reg_pp8_iter1_storemerge1_1_reg_1095   |   32|   0|   32|          0|
    |ap_phi_reg_pp8_iter1_storemerge1_2_reg_1075   |   32|   0|   32|          0|
    |ap_phi_reg_pp8_iter1_storemerge1_3_reg_1105   |   32|   0|   32|          0|
    |ap_phi_reg_pp8_iter1_storemerge1_4_reg_1115   |   32|   0|   32|          0|
    |ap_phi_reg_pp8_iter1_storemerge1_5_reg_1085   |   32|   0|   32|          0|
    |ap_phi_reg_pp8_iter1_storemerge1_6_reg_1055   |   32|   0|   32|          0|
    |ap_phi_reg_pp8_iter1_storemerge1_7_reg_1065   |   32|   0|   32|          0|
    |ap_phi_reg_pp8_iter1_storemerge1_8_reg_1035   |   32|   0|   32|          0|
    |ap_phi_reg_pp8_iter1_storemerge1_9_reg_1045   |   32|   0|   32|          0|
    |data_in_read_1_reg_3275                       |   32|   0|   32|          0|
    |gg_addr_1_reg_2636                            |    5|   0|    5|          0|
    |gg_addr_1_reg_2636_pp4_iter1_reg              |    5|   0|    5|          0|
    |gg_addr_2_reg_2557                            |    5|   0|    5|          0|
    |gg_addr_2_reg_2557_pp3_iter1_reg              |    5|   0|    5|          0|
    |gg_load_10_reg_2711                           |   32|   0|   32|          0|
    |gg_load_11_reg_2717                           |   32|   0|   32|          0|
    |gg_load_12_reg_2723                           |   32|   0|   32|          0|
    |gg_load_13_reg_2729                           |   32|   0|   32|          0|
    |gg_load_14_reg_2735                           |   32|   0|   32|          0|
    |gg_load_15_reg_2741                           |   32|   0|   32|          0|
    |gg_load_16_reg_2747                           |   32|   0|   32|          0|
    |gg_load_17_reg_2753                           |   32|   0|   32|          0|
    |gg_load_18_reg_2759                           |   32|   0|   32|          0|
    |gg_load_19_reg_2765                           |   32|   0|   32|          0|
    |gg_load_20_reg_2771                           |   32|   0|   32|          0|
    |gg_load_21_reg_2777                           |   32|   0|   32|          0|
    |gg_load_22_reg_2783                           |   32|   0|   32|          0|
    |gg_load_23_reg_2857                           |   32|   0|   32|          0|
    |gg_load_24_reg_2866                           |   32|   0|   32|          0|
    |gg_load_5_reg_2682                            |   32|   0|   32|          0|
    |gg_load_6_reg_2687                            |   32|   0|   32|          0|
    |gg_load_7_reg_2693                            |   32|   0|   32|          0|
    |gg_load_8_reg_2699                            |   32|   0|   32|          0|
    |gg_load_9_reg_2705                            |   32|   0|   32|          0|
    |i_10_reg_1136                                 |    5|   0|    5|          0|
    |i_11_reg_1147                                 |    8|   0|    8|          0|
    |i_1_reg_799                                   |    8|   0|    8|          0|
    |i_2_cast_reg_2516                             |    8|   0|   64|         56|
    |i_2_reg_811                                   |    8|   0|    8|          0|
    |i_3_reg_822                                   |    5|   0|    5|          0|
    |i_4_reg_866                                   |    5|   0|    5|          0|
    |i_5_cast_reg_2656                             |    5|   0|   64|         59|
    |i_5_reg_877                                   |    5|   0|    5|          0|
    |i_6_reg_888                                   |    8|   0|    8|          0|
    |i_7_reg_899                                   |    5|   0|    5|          0|
    |i_8_reg_910                                   |    9|   0|    9|          0|
    |i_9_cast_reg_3242                             |    5|   0|   64|         59|
    |i_9_reg_1125                                  |    5|   0|    5|          0|
    |i_reg_775                                     |    4|   0|    4|          0|
    |icmp_ln105_reg_2632                           |    1|   0|    1|          0|
    |icmp_ln105_reg_2632_pp4_iter1_reg             |    1|   0|    1|          0|
    |icmp_ln107_reg_2652                           |    1|   0|    1|          0|
    |icmp_ln27_reg_2889                            |    1|   0|    1|          0|
    |icmp_ln27_reg_2889_pp8_iter1_reg              |    1|   0|    1|          0|
    |icmp_ln30_10_reg_2829                         |    1|   0|    1|          0|
    |icmp_ln30_11_reg_2833                         |    1|   0|    1|          0|
    |icmp_ln30_12_reg_2837                         |    1|   0|    1|          0|
    |icmp_ln30_13_reg_2841                         |    1|   0|    1|          0|
    |icmp_ln30_14_reg_2845                         |    1|   0|    1|          0|
    |icmp_ln30_15_reg_2849                         |    1|   0|    1|          0|
    |icmp_ln30_16_reg_2853                         |    1|   0|    1|          0|
    |icmp_ln30_17_reg_2862                         |    1|   0|    1|          0|
    |icmp_ln30_18_reg_2871                         |    1|   0|    1|          0|
    |icmp_ln30_1_reg_2793                          |    1|   0|    1|          0|
    |icmp_ln30_2_reg_2797                          |    1|   0|    1|          0|
    |icmp_ln30_3_reg_2801                          |    1|   0|    1|          0|
    |icmp_ln30_4_reg_2805                          |    1|   0|    1|          0|
    |icmp_ln30_5_reg_2809                          |    1|   0|    1|          0|
    |icmp_ln30_6_reg_2813                          |    1|   0|    1|          0|
    |icmp_ln30_7_reg_2817                          |    1|   0|    1|          0|
    |icmp_ln30_8_reg_2821                          |    1|   0|    1|          0|
    |icmp_ln30_9_reg_2825                          |    1|   0|    1|          0|
    |icmp_ln30_reg_2789                            |    1|   0|    1|          0|
    |icmp_ln44_reg_3238                            |    1|   0|    1|          0|
    |icmp_ln47_reg_3257                            |    1|   0|    1|          0|
    |icmp_ln47_reg_3257_pp10_iter1_reg             |    1|   0|    1|          0|
    |icmp_ln49_reg_3271                            |    1|   0|    1|          0|
    |icmp_ln49_reg_3271_pp11_iter1_reg             |    1|   0|    1|          0|
    |icmp_ln60_reg_2476                            |    1|   0|    1|          0|
    |icmp_ln79_reg_2512                            |    1|   0|    1|          0|
    |icmp_ln93_reg_2547                            |    1|   0|    1|          0|
    |icmp_ln93_reg_2547_pp3_iter1_reg              |    1|   0|    1|          0|
    |icmp_ln94_reg_2563                            |    1|   0|    1|          0|
    |indvars_iv47_reg_834                          |    5|   0|    5|          0|
    |j_cast_cast_reg_2551                          |    5|   0|   64|         59|
    |j_reg_846                                     |    6|   0|    6|          0|
    |mask_reg_786                                  |   32|   0|   32|          0|
    |reg_1161                                      |   32|   0|   32|          0|
    |reg_1169                                      |   32|   0|   32|          0|
    |reg_1175                                      |   32|   0|   32|          0|
    |reg_1181                                      |   32|   0|   32|          0|
    |reg_1187                                      |   32|   0|   32|          0|
    |reg_1193                                      |   32|   0|   32|          0|
    |reg_1199                                      |   32|   0|   32|          0|
    |reg_1205                                      |   32|   0|   32|          0|
    |reg_1211                                      |   32|   0|   32|          0|
    |reg_1217                                      |   32|   0|   32|          0|
    |reg_1223                                      |   32|   0|   32|          0|
    |reg_1229                                      |   32|   0|   32|          0|
    |reg_1235                                      |   32|   0|   32|          0|
    |reg_1241                                      |   32|   0|   32|          0|
    |reg_1247                                      |   32|   0|   32|          0|
    |reg_1253                                      |   32|   0|   32|          0|
    |reg_1259                                      |   32|   0|   32|          0|
    |reg_1265                                      |   32|   0|   32|          0|
    |reg_1271                                      |   32|   0|   32|          0|
    |reuse_addr_reg136_fu_244                      |   64|   0|   64|          0|
    |reuse_addr_reg_fu_252                         |   64|   0|   64|          0|
    |reuse_reg135_fu_248                           |   32|   0|   32|          0|
    |reuse_reg_fu_256                              |   32|   0|   32|          0|
    |srem_ln31_10_reg_3043                         |    8|   0|    8|          0|
    |srem_ln31_11_reg_3048                         |    8|   0|    8|          0|
    |srem_ln31_12_reg_3053                         |    8|   0|    8|          0|
    |srem_ln31_13_reg_3058                         |    8|   0|    8|          0|
    |srem_ln31_14_reg_3063                         |    8|   0|    8|          0|
    |srem_ln31_15_reg_3068                         |    8|   0|    8|          0|
    |srem_ln31_16_reg_3073                         |    8|   0|    8|          0|
    |srem_ln31_17_reg_3078                         |    8|   0|    8|          0|
    |srem_ln31_18_reg_3083                         |    8|   0|    8|          0|
    |srem_ln31_1_reg_2998                          |    8|   0|    8|          0|
    |srem_ln31_2_reg_3003                          |    8|   0|    8|          0|
    |srem_ln31_3_reg_3008                          |    8|   0|    8|          0|
    |srem_ln31_4_reg_3013                          |    8|   0|    8|          0|
    |srem_ln31_5_reg_3018                          |    8|   0|    8|          0|
    |srem_ln31_6_reg_3023                          |    8|   0|    8|          0|
    |srem_ln31_7_reg_3028                          |    8|   0|    8|          0|
    |srem_ln31_8_reg_3033                          |    8|   0|    8|          0|
    |srem_ln31_9_reg_3038                          |    8|   0|    8|          0|
    |tmp_1_reg_2875                                |    1|   0|    1|          0|
    |tmp_1_reg_2875_pp8_iter1_reg                  |    1|   0|    1|          0|
    |trunc_ln64_reg_2480                           |    1|   0|    1|          0|
    |zext_ln93_reg_2541                            |    5|   0|   10|          5|
    +----------------------------------------------+-----+----+-----+-----------+
    |Total                                         | 3165|   0| 3462|        297|
    +----------------------------------------------+-----+----+-----+-----------+



================================================================
== Interface
================================================================
* Summary: 
+-----------------------+-----+-----+------------+--------------+--------------+
|       RTL Ports       | Dir | Bits|  Protocol  | Source Object|    C Type    |
+-----------------------+-----+-----+------------+--------------+--------------+
|ap_clk                 |   in|    1|  ap_ctrl_hs|     encode_rs|  return value|
|ap_rst_n               |   in|    1|  ap_ctrl_hs|     encode_rs|  return value|
|ap_start               |   in|    1|  ap_ctrl_hs|     encode_rs|  return value|
|ap_done                |  out|    1|  ap_ctrl_hs|     encode_rs|  return value|
|ap_idle                |  out|    1|  ap_ctrl_hs|     encode_rs|  return value|
|ap_ready               |  out|    1|  ap_ctrl_hs|     encode_rs|  return value|
|data_in_TDATA          |   in|   32|        axis|       data_in|       pointer|
|data_in_TVALID         |   in|    1|        axis|       data_in|       pointer|
|data_in_TREADY         |  out|    1|        axis|       data_in|       pointer|
|bb_out_address0        |  out|    5|   ap_memory|        bb_out|         array|
|bb_out_ce0             |  out|    1|   ap_memory|        bb_out|         array|
|bb_out_we0             |  out|    1|   ap_memory|        bb_out|         array|
|bb_out_d0              |  out|   32|   ap_memory|        bb_out|         array|
|recd_out_TDATA         |  out|   32|        axis|      recd_out|       pointer|
|recd_out_TVALID        |  out|    1|        axis|      recd_out|       pointer|
|recd_out_TREADY        |   in|    1|        axis|      recd_out|       pointer|
|alpha_to_out_address0  |  out|    8|   ap_memory|  alpha_to_out|         array|
|alpha_to_out_ce0       |  out|    1|   ap_memory|  alpha_to_out|         array|
|alpha_to_out_we0       |  out|    1|   ap_memory|  alpha_to_out|         array|
|alpha_to_out_d0        |  out|   32|   ap_memory|  alpha_to_out|         array|
|index_of_out_address0  |  out|    8|   ap_memory|  index_of_out|         array|
|index_of_out_ce0       |  out|    1|   ap_memory|  index_of_out|         array|
|index_of_out_we0       |  out|    1|   ap_memory|  index_of_out|         array|
|index_of_out_d0        |  out|   32|   ap_memory|  index_of_out|         array|
|gg_out_address0        |  out|    5|   ap_memory|        gg_out|         array|
|gg_out_ce0             |  out|    1|   ap_memory|        gg_out|         array|
|gg_out_we0             |  out|    1|   ap_memory|        gg_out|         array|
|gg_out_d0              |  out|   32|   ap_memory|        gg_out|         array|
+-----------------------+-----+-----+------------+--------------+--------------+

