Copyright 1986-2020 Xilinx, Inc. All Rights Reserved.
------------------------------------------------------------------------------------------------------------------------------
| Tool Version : Vivado v.2020.2 (lin64) Build 3064766 Wed Nov 18 09:12:47 MST 2020
| Date         : Thu Aug  5 01:40:11 2021
| Host         : caohy168 running 64-bit Ubuntu 20.04.2 LTS
| Command      : report_drc -file bd_0_wrapper_drc_routed.rpt -pb bd_0_wrapper_drc_routed.pb -rpx bd_0_wrapper_drc_routed.rpx
| Design       : bd_0_wrapper
| Device       : xcvu37p-fsvh2892-2L-e
| Speed File   : -2L
| Design State : Fully Routed
------------------------------------------------------------------------------------------------------------------------------

Report DRC

Table of Contents
-----------------
1. REPORT SUMMARY
2. REPORT DETAILS

1. REPORT SUMMARY
-----------------
            Netlist: netlist
          Floorplan: checkpoint_bd_0_wrapper
      Design limits: <entire design considered>
           Ruledeck: default
             Max violations: <unlimited>
             Violations found: 1
+-----------+----------+-------------------+------------+
| Rule      | Severity | Description       | Violations |
+-----------+----------+-------------------+------------+
| RTSTAT-10 | Warning  | No routable loads | 1          |
+-----------+----------+-------------------+------------+

2. REPORT DETAILS
-----------------
RTSTAT-10#1 Warning
No routable loads  
61 net(s) have no routable loads. The problem bus(es) and/or net(s) are bd_0_i/hls_inst/inst/alpha_to_out_address0[7:0],
bd_0_i/hls_inst/inst/ap_idle, bd_0_i/hls_inst/inst/gg_out_address0[4:0],
bd_0_i/hls_inst/inst/gg_out_ce0, bd_0_i/hls_inst/inst/gg_out_we0,
bd_0_i/hls_inst/inst/index_of_out_ce0,
bd_0_i/hls_inst/inst/index_of_out_we0,
bd_0_i/hls_inst/inst/recd_gf_out_address0[7:0],
bd_0_i/hls_inst/inst/recd_gf_out_ce0, bd_0_i/hls_inst/inst/recd_gf_out_we0,
bd_0_i/hls_inst/inst/regslice_both_recd_out_U/ap_ready
bd_0_i/hls_inst/inst/regslice_both_recd_out_U/recd_out_TDATA[31:0].
Related violations: <none>


