Vivado Simulator 2020.2
Copyright 1986-1999, 2001-2020 Xilinx, Inc. All Rights Reserved.
Running: /tools/Xilinx/Vivado/2020.2/bin/unwrapped/lnx64.o/xelab xil_defaultlib.apatb_decode_rs_top glbl -prj decode_rs.prj -L smartconnect_v1_0 -L axi_protocol_checker_v1_1_12 -L axi_protocol_checker_v1_1_13 -L axis_protocol_checker_v1_1_11 -L axis_protocol_checker_v1_1_12 -L xil_defaultlib -L unisims_ver -L xpm -L floating_point_v7_0_18 -L floating_point_v7_1_11 --lib ieee_proposed=./ieee_proposed -s decode_rs -debug wave 
Multi-threading is on. Using 34 slave threads.
WARNING: [XSIM 43-3431] One or more environment variables have been detected which affect the operation of the C compiler. These are typically not set in standard installations and are not tested by Xilinx, however they may be appropriate for your system, so the flow will attempt to continue.  If errors occur, try running xelab with the "-mt off -v 1" switches to see more information from the C compiler. The following environment variables have been detected:
INFO: [VRFC 10-2263] Analyzing SystemVerilog file "/home/caohy168/Work/bbp_vcu128/rs_codeco/rsdecode/rsdecode/solution1/sim/verilog/glbl.v" into library work
INFO: [VRFC 10-311] analyzing module glbl
INFO: [VRFC 10-2263] Analyzing SystemVerilog file "/home/caohy168/Work/bbp_vcu128/rs_codeco/rsdecode/rsdecode/solution1/sim/verilog/decode_rs_l.v" into library xil_defaultlib
INFO: [VRFC 10-311] analyzing module decode_rs_l_ram
INFO: [VRFC 10-311] analyzing module decode_rs_l
INFO: [VRFC 10-2263] Analyzing SystemVerilog file "/home/caohy168/Work/bbp_vcu128/rs_codeco/rsdecode/rsdecode/solution1/sim/verilog/AESL_automem_recd_gf_out.v" into library xil_defaultlib
INFO: [VRFC 10-311] analyzing module AESL_automem_recd_gf_out
INFO: [VRFC 10-2263] Analyzing SystemVerilog file "/home/caohy168/Work/bbp_vcu128/rs_codeco/rsdecode/rsdecode/solution1/sim/verilog/decode_rs_alpha_to.v" into library xil_defaultlib
INFO: [VRFC 10-311] analyzing module decode_rs_alpha_to_ram
INFO: [VRFC 10-311] analyzing module decode_rs_alpha_to
INFO: [VRFC 10-2263] Analyzing SystemVerilog file "/home/caohy168/Work/bbp_vcu128/rs_codeco/rsdecode/rsdecode/solution1/sim/verilog/decode_rs_srem_32ns_9ns_32_36_1.v" into library xil_defaultlib
INFO: [VRFC 10-311] analyzing module decode_rs_srem_32ns_9ns_32_36_1_div_u
INFO: [VRFC 10-311] analyzing module decode_rs_srem_32ns_9ns_32_36_1_div
INFO: [VRFC 10-311] analyzing module decode_rs_srem_32ns_9ns_32_36_1
INFO: [VRFC 10-2263] Analyzing SystemVerilog file "/home/caohy168/Work/bbp_vcu128/rs_codeco/rsdecode/rsdecode/solution1/sim/verilog/AESL_automem_index_of_out.v" into library xil_defaultlib
INFO: [VRFC 10-311] analyzing module AESL_automem_index_of_out
INFO: [VRFC 10-2263] Analyzing SystemVerilog file "/home/caohy168/Work/bbp_vcu128/rs_codeco/rsdecode/rsdecode/solution1/sim/verilog/AESL_axi_s_recd_out.v" into library xil_defaultlib
INFO: [VRFC 10-311] analyzing module AESL_axi_s_recd_out
INFO: [VRFC 10-2263] Analyzing SystemVerilog file "/home/caohy168/Work/bbp_vcu128/rs_codeco/rsdecode/rsdecode/solution1/sim/verilog/AESL_fifo.v" into library xil_defaultlib
INFO: [VRFC 10-311] analyzing module fifo
INFO: [VRFC 10-2263] Analyzing SystemVerilog file "/home/caohy168/Work/bbp_vcu128/rs_codeco/rsdecode/rsdecode/solution1/sim/verilog/AESL_axi_s_recd_in.v" into library xil_defaultlib
INFO: [VRFC 10-311] analyzing module AESL_axi_s_recd_in
INFO: [VRFC 10-2263] Analyzing SystemVerilog file "/home/caohy168/Work/bbp_vcu128/rs_codeco/rsdecode/rsdecode/solution1/sim/verilog/decode_rs_elp.v" into library xil_defaultlib
INFO: [VRFC 10-311] analyzing module decode_rs_elp_ram
INFO: [VRFC 10-311] analyzing module decode_rs_elp
INFO: [VRFC 10-2263] Analyzing SystemVerilog file "/home/caohy168/Work/bbp_vcu128/rs_codeco/rsdecode/rsdecode/solution1/sim/verilog/decode_rs_index_of.v" into library xil_defaultlib
INFO: [VRFC 10-311] analyzing module decode_rs_index_of_ram
INFO: [VRFC 10-311] analyzing module decode_rs_index_of
INFO: [VRFC 10-2263] Analyzing SystemVerilog file "/home/caohy168/Work/bbp_vcu128/rs_codeco/rsdecode/rsdecode/solution1/sim/verilog/decode_rs_srem_32ns_9ns_8_36_1.v" into library xil_defaultlib
INFO: [VRFC 10-311] analyzing module decode_rs_srem_32ns_9ns_8_36_1_div_u
INFO: [VRFC 10-311] analyzing module decode_rs_srem_32ns_9ns_8_36_1_div
INFO: [VRFC 10-311] analyzing module decode_rs_srem_32ns_9ns_8_36_1
INFO: [VRFC 10-2263] Analyzing SystemVerilog file "/home/caohy168/Work/bbp_vcu128/rs_codeco/rsdecode/rsdecode/solution1/sim/verilog/decode_rs_srem_10ns_9ns_8_14_seq_1.v" into library xil_defaultlib
INFO: [VRFC 10-311] analyzing module decode_rs_srem_10ns_9ns_8_14_seq_1_div_u
INFO: [VRFC 10-311] analyzing module decode_rs_srem_10ns_9ns_8_14_seq_1_div
INFO: [VRFC 10-311] analyzing module decode_rs_srem_10ns_9ns_8_14_seq_1
INFO: [VRFC 10-2263] Analyzing SystemVerilog file "/home/caohy168/Work/bbp_vcu128/rs_codeco/rsdecode/rsdecode/solution1/sim/verilog/decode_rs_srem_11ns_9ns_8_15_seq_1.v" into library xil_defaultlib
INFO: [VRFC 10-311] analyzing module decode_rs_srem_11ns_9ns_8_15_seq_1_div_u
INFO: [VRFC 10-311] analyzing module decode_rs_srem_11ns_9ns_8_15_seq_1_div
INFO: [VRFC 10-311] analyzing module decode_rs_srem_11ns_9ns_8_15_seq_1
INFO: [VRFC 10-2263] Analyzing SystemVerilog file "/home/caohy168/Work/bbp_vcu128/rs_codeco/rsdecode/rsdecode/solution1/sim/verilog/decode_rs.autotb.v" into library xil_defaultlib
INFO: [VRFC 10-311] analyzing module apatb_decode_rs_top
INFO: [VRFC 10-2263] Analyzing SystemVerilog file "/home/caohy168/Work/bbp_vcu128/rs_codeco/rsdecode/rsdecode/solution1/sim/verilog/decode_rs.v" into library xil_defaultlib
INFO: [VRFC 10-311] analyzing module decode_rs
INFO: [VRFC 10-2263] Analyzing SystemVerilog file "/home/caohy168/Work/bbp_vcu128/rs_codeco/rsdecode/rsdecode/solution1/sim/verilog/decode_rs_loc.v" into library xil_defaultlib
INFO: [VRFC 10-311] analyzing module decode_rs_loc_ram
INFO: [VRFC 10-311] analyzing module decode_rs_loc
INFO: [VRFC 10-2263] Analyzing SystemVerilog file "/home/caohy168/Work/bbp_vcu128/rs_codeco/rsdecode/rsdecode/solution1/sim/verilog/decode_rs_reg.v" into library xil_defaultlib
INFO: [VRFC 10-311] analyzing module decode_rs_reg_ram
INFO: [VRFC 10-311] analyzing module decode_rs_reg
INFO: [VRFC 10-2263] Analyzing SystemVerilog file "/home/caohy168/Work/bbp_vcu128/rs_codeco/rsdecode/rsdecode/solution1/sim/verilog/decode_rs_recd.v" into library xil_defaultlib
INFO: [VRFC 10-311] analyzing module decode_rs_recd_ram
INFO: [VRFC 10-311] analyzing module decode_rs_recd
INFO: [VRFC 10-2263] Analyzing SystemVerilog file "/home/caohy168/Work/bbp_vcu128/rs_codeco/rsdecode/rsdecode/solution1/sim/verilog/decode_rs_d.v" into library xil_defaultlib
INFO: [VRFC 10-311] analyzing module decode_rs_d_ram
INFO: [VRFC 10-311] analyzing module decode_rs_d
INFO: [VRFC 10-2263] Analyzing SystemVerilog file "/home/caohy168/Work/bbp_vcu128/rs_codeco/rsdecode/rsdecode/solution1/sim/verilog/decode_rs_regslice_both.v" into library xil_defaultlib
INFO: [VRFC 10-311] analyzing module decode_rs_regslice_both
INFO: [VRFC 10-311] analyzing module decode_rs_regslice_both_w1
INFO: [VRFC 10-2263] Analyzing SystemVerilog file "/home/caohy168/Work/bbp_vcu128/rs_codeco/rsdecode/rsdecode/solution1/sim/verilog/decode_rs_gg.v" into library xil_defaultlib
INFO: [VRFC 10-311] analyzing module decode_rs_gg_ram
INFO: [VRFC 10-311] analyzing module decode_rs_gg
INFO: [VRFC 10-2263] Analyzing SystemVerilog file "/home/caohy168/Work/bbp_vcu128/rs_codeco/rsdecode/rsdecode/solution1/sim/verilog/decode_rs_root.v" into library xil_defaultlib
INFO: [VRFC 10-311] analyzing module decode_rs_root_ram
INFO: [VRFC 10-311] analyzing module decode_rs_root
INFO: [VRFC 10-2263] Analyzing SystemVerilog file "/home/caohy168/Work/bbp_vcu128/rs_codeco/rsdecode/rsdecode/solution1/sim/verilog/decode_rs_srem_14s_9ns_8_18_1.v" into library xil_defaultlib
INFO: [VRFC 10-311] analyzing module decode_rs_srem_14s_9ns_8_18_1_div_u
INFO: [VRFC 10-311] analyzing module decode_rs_srem_14s_9ns_8_18_1_div
INFO: [VRFC 10-311] analyzing module decode_rs_srem_14s_9ns_8_18_1
INFO: [VRFC 10-2263] Analyzing SystemVerilog file "/home/caohy168/Work/bbp_vcu128/rs_codeco/rsdecode/rsdecode/solution1/sim/verilog/decode_rs_srem_32ns_9ns_9_36_seq_1.v" into library xil_defaultlib
INFO: [VRFC 10-311] analyzing module decode_rs_srem_32ns_9ns_9_36_seq_1_div_u
INFO: [VRFC 10-311] analyzing module decode_rs_srem_32ns_9ns_9_36_seq_1_div
INFO: [VRFC 10-311] analyzing module decode_rs_srem_32ns_9ns_9_36_seq_1
INFO: [VRFC 10-2263] Analyzing SystemVerilog file "/home/caohy168/Work/bbp_vcu128/rs_codeco/rsdecode/rsdecode/solution1/sim/verilog/AESL_automem_alpha_to_out.v" into library xil_defaultlib
INFO: [VRFC 10-311] analyzing module AESL_automem_alpha_to_out
INFO: [VRFC 10-2263] Analyzing SystemVerilog file "/home/caohy168/Work/bbp_vcu128/rs_codeco/rsdecode/rsdecode/solution1/sim/verilog/decode_rs_z.v" into library xil_defaultlib
INFO: [VRFC 10-311] analyzing module decode_rs_z_ram
INFO: [VRFC 10-311] analyzing module decode_rs_z
INFO: [VRFC 10-2263] Analyzing SystemVerilog file "/home/caohy168/Work/bbp_vcu128/rs_codeco/rsdecode/rsdecode/solution1/sim/verilog/decode_rs_mac_muladd_9ns_4ns_9s_14_4_1.v" into library xil_defaultlib
INFO: [VRFC 10-311] analyzing module decode_rs_mac_muladd_9ns_4ns_9s_14_4_1_DSP48_0
INFO: [VRFC 10-311] analyzing module decode_rs_mac_muladd_9ns_4ns_9s_14_4_1
INFO: [VRFC 10-2263] Analyzing SystemVerilog file "/home/caohy168/Work/bbp_vcu128/rs_codeco/rsdecode/rsdecode/solution1/sim/verilog/decode_rs_u_lu.v" into library xil_defaultlib
INFO: [VRFC 10-311] analyzing module decode_rs_u_lu_ram
INFO: [VRFC 10-311] analyzing module decode_rs_u_lu
INFO: [VRFC 10-2263] Analyzing SystemVerilog file "/home/caohy168/Work/bbp_vcu128/rs_codeco/rsdecode/rsdecode/solution1/sim/verilog/decode_rs_urem_10ns_9ns_10_14_1.v" into library xil_defaultlib
INFO: [VRFC 10-311] analyzing module decode_rs_urem_10ns_9ns_10_14_1_div_u
INFO: [VRFC 10-311] analyzing module decode_rs_urem_10ns_9ns_10_14_1_div
INFO: [VRFC 10-311] analyzing module decode_rs_urem_10ns_9ns_10_14_1
INFO: [VRFC 10-2263] Analyzing SystemVerilog file "/home/caohy168/Work/bbp_vcu128/rs_codeco/rsdecode/rsdecode/solution1/sim/verilog/AESL_automem_gg_out.v" into library xil_defaultlib
INFO: [VRFC 10-311] analyzing module AESL_automem_gg_out
INFO: [VRFC 10-2263] Analyzing SystemVerilog file "/home/caohy168/Work/bbp_vcu128/rs_codeco/rsdecode/rsdecode/solution1/sim/verilog/decode_rs_srem_10ns_9ns_8_14_1.v" into library xil_defaultlib
INFO: [VRFC 10-311] analyzing module decode_rs_srem_10ns_9ns_8_14_1_div_u
INFO: [VRFC 10-311] analyzing module decode_rs_srem_10ns_9ns_8_14_1_div
INFO: [VRFC 10-311] analyzing module decode_rs_srem_10ns_9ns_8_14_1
INFO: [VRFC 10-2263] Analyzing SystemVerilog file "/home/caohy168/Work/bbp_vcu128/rs_codeco/rsdecode/rsdecode/solution1/sim/verilog/decode_rs_s.v" into library xil_defaultlib
INFO: [VRFC 10-311] analyzing module decode_rs_s_ram
INFO: [VRFC 10-311] analyzing module decode_rs_s
INFO: [VRFC 10-2263] Analyzing SystemVerilog file "/home/caohy168/Work/bbp_vcu128/rs_codeco/rsdecode/rsdecode/solution1/sim/verilog/dump_file_agent.sv" into library xil_defaultlib
INFO: [VRFC 10-2263] Analyzing SystemVerilog file "/home/caohy168/Work/bbp_vcu128/rs_codeco/rsdecode/rsdecode/solution1/sim/verilog/df_fifo_monitor.sv" into library xil_defaultlib
INFO: [VRFC 10-2263] Analyzing SystemVerilog file "/home/caohy168/Work/bbp_vcu128/rs_codeco/rsdecode/rsdecode/solution1/sim/verilog/sample_agent.sv" into library xil_defaultlib
INFO: [VRFC 10-2263] Analyzing SystemVerilog file "/home/caohy168/Work/bbp_vcu128/rs_codeco/rsdecode/rsdecode/solution1/sim/verilog/csv_file_dump.sv" into library xil_defaultlib
INFO: [VRFC 10-2263] Analyzing SystemVerilog file "/home/caohy168/Work/bbp_vcu128/rs_codeco/rsdecode/rsdecode/solution1/sim/verilog/df_fifo_interface.sv" into library xil_defaultlib
WARNING: [VRFC 10-3609] overwriting previous definition of interface 'df_fifo_intf' [/home/caohy168/Work/bbp_vcu128/rs_codeco/rsdecode/rsdecode/solution1/sim/verilog/df_fifo_interface.sv:4]
INFO: [VRFC 10-2263] Analyzing SystemVerilog file "/home/caohy168/Work/bbp_vcu128/rs_codeco/rsdecode/rsdecode/solution1/sim/verilog/dataflow_monitor.sv" into library xil_defaultlib
WARNING: [VRFC 10-3609] overwriting previous definition of interface 'df_fifo_intf' [/home/caohy168/Work/bbp_vcu128/rs_codeco/rsdecode/rsdecode/solution1/sim/verilog/df_fifo_interface.sv:4]
INFO: [VRFC 10-311] analyzing module dataflow_monitor
INFO: [VRFC 10-2263] Analyzing SystemVerilog file "/home/caohy168/Work/bbp_vcu128/rs_codeco/rsdecode/rsdecode/solution1/sim/verilog/nodf_module_interface.sv" into library xil_defaultlib
WARNING: [VRFC 10-3609] overwriting previous definition of interface 'nodf_module_intf' [/home/caohy168/Work/bbp_vcu128/rs_codeco/rsdecode/rsdecode/solution1/sim/verilog/nodf_module_interface.sv:4]
INFO: [VRFC 10-2263] Analyzing SystemVerilog file "/home/caohy168/Work/bbp_vcu128/rs_codeco/rsdecode/rsdecode/solution1/sim/verilog/sample_manager.sv" into library xil_defaultlib
INFO: [VRFC 10-2263] Analyzing SystemVerilog file "/home/caohy168/Work/bbp_vcu128/rs_codeco/rsdecode/rsdecode/solution1/sim/verilog/df_process_monitor.sv" into library xil_defaultlib
WARNING: [VRFC 10-3609] overwriting previous definition of interface 'df_process_intf' [df_process_interface.sv:4]
INFO: [VRFC 10-2263] Analyzing SystemVerilog file "/home/caohy168/Work/bbp_vcu128/rs_codeco/rsdecode/rsdecode/solution1/sim/verilog/df_process_interface.sv" into library xil_defaultlib
WARNING: [VRFC 10-3609] overwriting previous definition of interface 'df_process_intf' [/home/caohy168/Work/bbp_vcu128/rs_codeco/rsdecode/rsdecode/solution1/sim/verilog/df_process_interface.sv:4]
INFO: [VRFC 10-2263] Analyzing SystemVerilog file "/home/caohy168/Work/bbp_vcu128/rs_codeco/rsdecode/rsdecode/solution1/sim/verilog/nodf_module_monitor.sv" into library xil_defaultlib
WARNING: [VRFC 10-3609] overwriting previous definition of interface 'nodf_module_intf' [/home/caohy168/Work/bbp_vcu128/rs_codeco/rsdecode/rsdecode/solution1/sim/verilog/nodf_module_interface.sv:4]
Starting static elaboration
Pass Through NonSizing Optimizer
Completed static elaboration
Starting simulation data flow analysis
Completed simulation data flow analysis
Time Resolution for simulation is 1ps
Compiling package xil_defaultlib.$unit_dataflow_monitor_sv
Compiling module xil_defaultlib.decode_rs_alpha_to_ram
Compiling module xil_defaultlib.decode_rs_alpha_to(DataWidth=32,...
Compiling module xil_defaultlib.decode_rs_index_of_ram
Compiling module xil_defaultlib.decode_rs_index_of(DataWidth=9,A...
Compiling module xil_defaultlib.decode_rs_gg_ram
Compiling module xil_defaultlib.decode_rs_gg(DataWidth=32,Addres...
Compiling module xil_defaultlib.decode_rs_recd_ram
Compiling module xil_defaultlib.decode_rs_recd(DataWidth=32,Addr...
Compiling module xil_defaultlib.decode_rs_elp_ram
Compiling module xil_defaultlib.decode_rs_elp(DataWidth=32,Addre...
Compiling module xil_defaultlib.decode_rs_d_ram
Compiling module xil_defaultlib.decode_rs_d(DataWidth=9,AddressR...
Compiling module xil_defaultlib.decode_rs_l_ram
Compiling module xil_defaultlib.decode_rs_l(DataWidth=32,Address...
Compiling module xil_defaultlib.decode_rs_u_lu_ram
Compiling module xil_defaultlib.decode_rs_u_lu(DataWidth=32,Addr...
Compiling module xil_defaultlib.decode_rs_s_ram
Compiling module xil_defaultlib.decode_rs_s(DataWidth=9,AddressR...
Compiling module xil_defaultlib.decode_rs_root_ram
Compiling module xil_defaultlib.decode_rs_root(DataWidth=9,Addre...
Compiling module xil_defaultlib.decode_rs_loc_ram
Compiling module xil_defaultlib.decode_rs_loc(DataWidth=8,Addres...
Compiling module xil_defaultlib.decode_rs_z_ram
Compiling module xil_defaultlib.decode_rs_z(DataWidth=9,AddressR...
Compiling module xil_defaultlib.decode_rs_reg_ram
Compiling module xil_defaultlib.decode_rs_reg(DataWidth=32,Addre...
Compiling module xil_defaultlib.decode_rs_srem_10ns_9ns_8_14_1_d...
Compiling module xil_defaultlib.decode_rs_srem_10ns_9ns_8_14_1_d...
Compiling module xil_defaultlib.decode_rs_srem_10ns_9ns_8_14_1(I...
Compiling module xil_defaultlib.decode_rs_srem_10ns_9ns_8_14_seq...
Compiling module xil_defaultlib.decode_rs_srem_10ns_9ns_8_14_seq...
Compiling module xil_defaultlib.decode_rs_srem_10ns_9ns_8_14_seq...
Compiling module xil_defaultlib.decode_rs_srem_32ns_9ns_8_36_1_d...
Compiling module xil_defaultlib.decode_rs_srem_32ns_9ns_8_36_1_d...
Compiling module xil_defaultlib.decode_rs_srem_32ns_9ns_8_36_1(I...
Compiling module xil_defaultlib.decode_rs_srem_32ns_9ns_32_36_1_...
Compiling module xil_defaultlib.decode_rs_srem_32ns_9ns_32_36_1_...
Compiling module xil_defaultlib.decode_rs_srem_32ns_9ns_32_36_1(...
Compiling module xil_defaultlib.decode_rs_srem_14s_9ns_8_18_1_di...
Compiling module xil_defaultlib.decode_rs_srem_14s_9ns_8_18_1_di...
Compiling module xil_defaultlib.decode_rs_srem_14s_9ns_8_18_1(ID...
Compiling module xil_defaultlib.decode_rs_urem_10ns_9ns_10_14_1_...
Compiling module xil_defaultlib.decode_rs_urem_10ns_9ns_10_14_1_...
Compiling module xil_defaultlib.decode_rs_urem_10ns_9ns_10_14_1(...
Compiling module xil_defaultlib.decode_rs_srem_32ns_9ns_9_36_seq...
Compiling module xil_defaultlib.decode_rs_srem_32ns_9ns_9_36_seq...
Compiling module xil_defaultlib.decode_rs_srem_32ns_9ns_9_36_seq...
Compiling module xil_defaultlib.decode_rs_srem_11ns_9ns_8_15_seq...
Compiling module xil_defaultlib.decode_rs_srem_11ns_9ns_8_15_seq...
Compiling module xil_defaultlib.decode_rs_srem_11ns_9ns_8_15_seq...
Compiling module xil_defaultlib.decode_rs_mac_muladd_9ns_4ns_9s_...
Compiling module xil_defaultlib.decode_rs_mac_muladd_9ns_4ns_9s_...
Compiling module xil_defaultlib.decode_rs_regslice_both
Compiling module xil_defaultlib.decode_rs
Compiling module xil_defaultlib.AESL_automem_recd_gf_out
Compiling module xil_defaultlib.AESL_automem_alpha_to_out
Compiling module xil_defaultlib.AESL_automem_index_of_out
Compiling module xil_defaultlib.AESL_automem_gg_out
Compiling module xil_defaultlib.fifo(DEPTH=255,WIDTH=32)
Compiling module xil_defaultlib.AESL_axi_s_recd_in
Compiling module xil_defaultlib.AESL_axi_s_recd_out
Compiling module xil_defaultlib.nodf_module_intf
Compiling module xil_defaultlib.dataflow_monitor_1
Compiling module xil_defaultlib.apatb_decode_rs_top
Compiling module work.glbl
Built simulation snapshot decode_rs
