#-----------------------------------------------------------
# Vivado v2020.2 (64-bit)
# SW Build 3064766 on Wed Nov 18 09:12:47 MST 2020
# IP Build 3064653 on Wed Nov 18 14:17:31 MST 2020
# Start of session at: Tue May 18 00:27:57 2021
# Process ID: 34926
# Current directory: /home/caohy168/Work/apsk_mdem/apskdemod/apskdemod/solution1/sim/verilog
# Command line: vivado -source open_wave.tcl
# Log file: /home/caohy168/Work/apsk_mdem/apskdemod/apskdemod/solution1/sim/verilog/vivado.log
# Journal file: /home/caohy168/Work/apsk_mdem/apskdemod/apskdemod/solution1/sim/verilog/vivado.jou
#-----------------------------------------------------------
start_gui
source open_wave.tcl
# current_fileset
INFO: [IP_Flow 19-234] Refreshing IP repositories
INFO: [IP_Flow 19-1704] No user IP repositories specified
INFO: [IP_Flow 19-2313] Loaded Vivado IP repository '/tools/Xilinx/Vivado/2020.2/data/ip'.
# open_wave_database apskdemod.wdb
INFO: [Wavedata 42-564]   Found protocol instance at /apatb_apskdemod_top/AESL_inst_apskdemod/AESL_inst_apskdemod_activity
INFO: [Wavedata 42-564]   Found protocol instance at /apatb_apskdemod_top/AESL_inst_apskdemod/grp_pow_generic_double_s_fu_754/grp_pow_generic_double_s_fu_754_activity
INFO: [Wavedata 42-564]   Found protocol instance at /apatb_apskdemod_top/AESL_inst_apskdemod/grp_pow_generic_double_s_fu_783/grp_pow_generic_double_s_fu_783_activity
open_wave_config /home/caohy168/Work/apsk_mdem/apskdemod/apskdemod/solution1/sim/verilog/apskdemod.wcfg
