
*** Running vivado
    with args -log add_duc.vds -m64 -product Vivado -mode batch -messageDb vivado.pb -notrace -source add_duc.tcl


****** Vivado v2021.1.1 (64-bit)
  **** SW Build 3286242 on Wed Jul 28 13:09:46 MDT 2021
  **** IP Build 3279568 on Wed Jul 28 16:48:48 MDT 2021
    ** Copyright 1986-2021 Xilinx, Inc. All Rights Reserved.

source add_duc.tcl -notrace
INFO: [IP_Flow 19-234] Refreshing IP repositories
INFO: [IP_Flow 19-1700] Loaded user IP repository '/home/caohy168/Work/bbp_vcu128/xdma_bpu_ex/imports/apsk_mdem/apskmod'.
INFO: [IP_Flow 19-1700] Loaded user IP repository '/home/caohy168/Work/bbp_vcu128/xdma_bpu_ex/xdma_bpu_ex.srcs/sources_1/ip/rscodeco/rsdecode'.
INFO: [IP_Flow 19-1700] Loaded user IP repository '/home/caohy168/Work/bbp_vcu128/xdma_bpu_ex/xdma_bpu_ex.srcs/sources_1/ip/rscodeco/rscode'.
INFO: [IP_Flow 19-1700] Loaded user IP repository '/home/caohy168/Work/bbp_vcu128/xdma_bpu_ex/imports/apsk_mdem/apskdemod'.
INFO: [IP_Flow 19-2313] Loaded Vivado IP repository '/tools/Xilinx/Vivado/2021.1/data/ip'.
Command: synth_design -top add_duc -part xcvu37p-fsvh2892-2L-e -mode out_of_context
Starting synth_design
Attempting to get a license for feature 'Synthesis' and/or device 'xcvu37p'
INFO: [Common 17-349] Got license for feature 'Synthesis' and/or device 'xcvu37p'
INFO: [Device 21-403] Loading part xcvu37p-fsvh2892-2L-e
INFO: [Synth 8-7079] Multithreading enabled for synth_design using a maximum of 4 processes.
INFO: [Synth 8-7078] Launching helper process for spawning children vivado processes
INFO: [Synth 8-7075] Helper process launched with PID 175419
---------------------------------------------------------------------------------
Starting RTL Elaboration : Time (s): cpu = 00:00:03 ; elapsed = 00:00:03 . Memory (MB): peak = 3318.238 ; gain = 185.684 ; free physical = 7175 ; free virtual = 53570
---------------------------------------------------------------------------------
INFO: [Synth 8-638] synthesizing module 'add_duc' [/home/caohy168/Work/bbp_vcu128/xdma_bpu_ex/xdma_bpu_ex.gen/sources_1/ip/add_duc/synth/add_duc.vhd:68]
	Parameter C_VERBOSITY bound to: 0 - type: integer 
	Parameter C_XDEVICEFAMILY bound to: virtexuplusHBM - type: string 
	Parameter C_IMPLEMENTATION bound to: 0 - type: integer 
	Parameter C_A_WIDTH bound to: 16 - type: integer 
	Parameter C_B_WIDTH bound to: 16 - type: integer 
	Parameter C_OUT_WIDTH bound to: 16 - type: integer 
	Parameter C_CE_OVERRIDES_SCLR bound to: 0 - type: integer 
	Parameter C_A_TYPE bound to: 0 - type: integer 
	Parameter C_B_TYPE bound to: 0 - type: integer 
	Parameter C_LATENCY bound to: 1 - type: integer 
	Parameter C_ADD_MODE bound to: 0 - type: integer 
	Parameter C_B_CONSTANT bound to: 0 - type: integer 
	Parameter C_B_VALUE bound to: 0000000000000000 - type: string 
	Parameter C_AINIT_VAL bound to: 0 - type: string 
	Parameter C_SINIT_VAL bound to: 0 - type: string 
	Parameter C_CE_OVERRIDES_BYPASS bound to: 1 - type: integer 
	Parameter C_BYPASS_LOW bound to: 0 - type: integer 
	Parameter C_SCLR_OVERRIDES_SSET bound to: 1 - type: integer 
	Parameter C_HAS_C_IN bound to: 0 - type: integer 
	Parameter C_HAS_C_OUT bound to: 0 - type: integer 
	Parameter C_BORROW_LOW bound to: 1 - type: integer 
	Parameter C_HAS_CE bound to: 0 - type: integer 
	Parameter C_HAS_BYPASS bound to: 0 - type: integer 
	Parameter C_HAS_SCLR bound to: 0 - type: integer 
	Parameter C_HAS_SSET bound to: 0 - type: integer 
	Parameter C_HAS_SINIT bound to: 0 - type: integer 
INFO: [Synth 8-3491] module 'c_addsub_v12_0_14' declared at '/home/caohy168/Work/bbp_vcu128/xdma_bpu_ex/xdma_bpu_ex.gen/sources_1/ip/add_duc/hdl/c_addsub_v12_0_vh_rfs.vhd:7026' bound to instance 'U0' of component 'c_addsub_v12_0_14' [/home/caohy168/Work/bbp_vcu128/xdma_bpu_ex/xdma_bpu_ex.gen/sources_1/ip/add_duc/synth/add_duc.vhd:133]
INFO: [Synth 8-256] done synthesizing module 'add_duc' (7#1) [/home/caohy168/Work/bbp_vcu128/xdma_bpu_ex/xdma_bpu_ex.gen/sources_1/ip/add_duc/synth/add_duc.vhd:68]
---------------------------------------------------------------------------------
Finished RTL Elaboration : Time (s): cpu = 00:00:04 ; elapsed = 00:00:04 . Memory (MB): peak = 3367.176 ; gain = 234.621 ; free physical = 1991 ; free virtual = 48390
---------------------------------------------------------------------------------
---------------------------------------------------------------------------------
Start Handling Custom Attributes
---------------------------------------------------------------------------------
---------------------------------------------------------------------------------
Finished Handling Custom Attributes : Time (s): cpu = 00:00:04 ; elapsed = 00:00:05 . Memory (MB): peak = 3384.988 ; gain = 252.434 ; free physical = 5261 ; free virtual = 51661
---------------------------------------------------------------------------------
---------------------------------------------------------------------------------
Finished RTL Optimization Phase 1 : Time (s): cpu = 00:00:04 ; elapsed = 00:00:05 . Memory (MB): peak = 3384.988 ; gain = 252.434 ; free physical = 5260 ; free virtual = 51660
---------------------------------------------------------------------------------
Netlist sorting complete. Time (s): cpu = 00:00:00 ; elapsed = 00:00:00 . Memory (MB): peak = 3392.926 ; gain = 0.000 ; free physical = 6790 ; free virtual = 53190
INFO: [Netlist 29-17] Analyzing 31 Unisim elements for replacement
INFO: [Netlist 29-28] Unisim Transformation completed in 0 CPU seconds
INFO: [Project 1-570] Preparing netlist for logic optimization

Processing XDC Constraints
Initializing timing engine
Parsing XDC File [/home/caohy168/Work/bbp_vcu128/xdma_bpu_ex/xdma_bpu_ex.gen/sources_1/ip/add_duc/add_duc_ooc.xdc] for cell 'U0'
Finished Parsing XDC File [/home/caohy168/Work/bbp_vcu128/xdma_bpu_ex/xdma_bpu_ex.gen/sources_1/ip/add_duc/add_duc_ooc.xdc] for cell 'U0'
Parsing XDC File [/home/caohy168/Work/bbp_vcu128/xdma_bpu_ex/xdma_bpu_ex.runs/add_duc_synth_1/dont_touch.xdc]
Finished Parsing XDC File [/home/caohy168/Work/bbp_vcu128/xdma_bpu_ex/xdma_bpu_ex.runs/add_duc_synth_1/dont_touch.xdc]
Completed Processing XDC Constraints

Netlist sorting complete. Time (s): cpu = 00:00:00 ; elapsed = 00:00:00 . Memory (MB): peak = 3561.520 ; gain = 0.000 ; free physical = 9170 ; free virtual = 55571
INFO: [Project 1-111] Unisim Transformation Summary:
No Unisim elements were transformed.

Constraint Validation Runtime : Time (s): cpu = 00:00:00.01 ; elapsed = 00:00:00.01 . Memory (MB): peak = 3561.520 ; gain = 0.000 ; free physical = 9163 ; free virtual = 55565
---------------------------------------------------------------------------------
Finished Constraint Validation : Time (s): cpu = 00:00:13 ; elapsed = 00:00:13 . Memory (MB): peak = 3561.520 ; gain = 428.965 ; free physical = 9231 ; free virtual = 55643
---------------------------------------------------------------------------------
---------------------------------------------------------------------------------
Start Loading Part and Timing Information
---------------------------------------------------------------------------------
Loading part: xcvu37p-fsvh2892-2L-e
INFO: [Synth 8-6742] Reading net delay rules and data
---------------------------------------------------------------------------------
Finished Loading Part and Timing Information : Time (s): cpu = 00:00:13 ; elapsed = 00:00:13 . Memory (MB): peak = 3561.520 ; gain = 428.965 ; free physical = 9222 ; free virtual = 55633
---------------------------------------------------------------------------------
---------------------------------------------------------------------------------
Start Applying 'set_property' XDC Constraints
---------------------------------------------------------------------------------
Applied set_property KEEP_HIERARCHY = SOFT for U0. (constraint file  /home/caohy168/Work/bbp_vcu128/xdma_bpu_ex/xdma_bpu_ex.runs/add_duc_synth_1/dont_touch.xdc, line 9).
---------------------------------------------------------------------------------
Finished applying 'set_property' XDC Constraints : Time (s): cpu = 00:00:13 ; elapsed = 00:00:13 . Memory (MB): peak = 3561.520 ; gain = 428.965 ; free physical = 9222 ; free virtual = 55634
---------------------------------------------------------------------------------
---------------------------------------------------------------------------------
Finished RTL Optimization Phase 2 : Time (s): cpu = 00:00:13 ; elapsed = 00:00:14 . Memory (MB): peak = 3561.520 ; gain = 428.965 ; free physical = 9282 ; free virtual = 55702
---------------------------------------------------------------------------------
---------------------------------------------------------------------------------
Start RTL Component Statistics 
---------------------------------------------------------------------------------
---------------------------------------------------------------------------------
Finished RTL Component Statistics 
---------------------------------------------------------------------------------
---------------------------------------------------------------------------------
Start Part Resource Summary
---------------------------------------------------------------------------------
Part Resources:
DSPs: 9024 (col length:94)
BRAMs: 4032 (col length: RAMB18 288 RAMB36 144)
---------------------------------------------------------------------------------
Finished Part Resource Summary
---------------------------------------------------------------------------------
---------------------------------------------------------------------------------
Start Cross Boundary and Area Optimization
---------------------------------------------------------------------------------
---------------------------------------------------------------------------------
Finished Cross Boundary and Area Optimization : Time (s): cpu = 00:00:13 ; elapsed = 00:00:14 . Memory (MB): peak = 3561.520 ; gain = 428.965 ; free physical = 9169 ; free virtual = 55597
---------------------------------------------------------------------------------
---------------------------------------------------------------------------------
Start Applying XDC Timing Constraints
---------------------------------------------------------------------------------
---------------------------------------------------------------------------------
Finished Applying XDC Timing Constraints : Time (s): cpu = 00:00:21 ; elapsed = 00:00:23 . Memory (MB): peak = 3842.605 ; gain = 710.051 ; free physical = 6001 ; free virtual = 52444
---------------------------------------------------------------------------------
---------------------------------------------------------------------------------
Start Timing Optimization
---------------------------------------------------------------------------------
---------------------------------------------------------------------------------
Finished Timing Optimization : Time (s): cpu = 00:00:21 ; elapsed = 00:00:23 . Memory (MB): peak = 3842.605 ; gain = 710.051 ; free physical = 5989 ; free virtual = 52432
---------------------------------------------------------------------------------
---------------------------------------------------------------------------------
Start Technology Mapping
---------------------------------------------------------------------------------
---------------------------------------------------------------------------------
Finished Technology Mapping : Time (s): cpu = 00:00:21 ; elapsed = 00:00:23 . Memory (MB): peak = 3861.637 ; gain = 729.082 ; free physical = 5995 ; free virtual = 52438
---------------------------------------------------------------------------------
---------------------------------------------------------------------------------
Start IO Insertion
---------------------------------------------------------------------------------
---------------------------------------------------------------------------------
Start Flattening Before IO Insertion
---------------------------------------------------------------------------------
---------------------------------------------------------------------------------
Finished Flattening Before IO Insertion
---------------------------------------------------------------------------------
---------------------------------------------------------------------------------
Start Final Netlist Cleanup
---------------------------------------------------------------------------------
---------------------------------------------------------------------------------
Finished Final Netlist Cleanup
---------------------------------------------------------------------------------
---------------------------------------------------------------------------------
Finished IO Insertion : Time (s): cpu = 00:00:24 ; elapsed = 00:00:25 . Memory (MB): peak = 3867.574 ; gain = 735.020 ; free physical = 6205 ; free virtual = 52648
---------------------------------------------------------------------------------
---------------------------------------------------------------------------------
Start Renaming Generated Instances
---------------------------------------------------------------------------------
---------------------------------------------------------------------------------
Finished Renaming Generated Instances : Time (s): cpu = 00:00:24 ; elapsed = 00:00:25 . Memory (MB): peak = 3867.574 ; gain = 735.020 ; free physical = 6205 ; free virtual = 52647
---------------------------------------------------------------------------------
---------------------------------------------------------------------------------
Start Rebuilding User Hierarchy
---------------------------------------------------------------------------------
---------------------------------------------------------------------------------
Finished Rebuilding User Hierarchy : Time (s): cpu = 00:00:24 ; elapsed = 00:00:25 . Memory (MB): peak = 3867.574 ; gain = 735.020 ; free physical = 6204 ; free virtual = 52647
---------------------------------------------------------------------------------
---------------------------------------------------------------------------------
Start Renaming Generated Ports
---------------------------------------------------------------------------------
---------------------------------------------------------------------------------
Finished Renaming Generated Ports : Time (s): cpu = 00:00:24 ; elapsed = 00:00:25 . Memory (MB): peak = 3867.574 ; gain = 735.020 ; free physical = 6204 ; free virtual = 52647
---------------------------------------------------------------------------------
---------------------------------------------------------------------------------
Start Handling Custom Attributes
---------------------------------------------------------------------------------
---------------------------------------------------------------------------------
Finished Handling Custom Attributes : Time (s): cpu = 00:00:24 ; elapsed = 00:00:25 . Memory (MB): peak = 3867.574 ; gain = 735.020 ; free physical = 6204 ; free virtual = 52646
---------------------------------------------------------------------------------
---------------------------------------------------------------------------------
Start Renaming Generated Nets
---------------------------------------------------------------------------------
---------------------------------------------------------------------------------
Finished Renaming Generated Nets : Time (s): cpu = 00:00:24 ; elapsed = 00:00:25 . Memory (MB): peak = 3867.574 ; gain = 735.020 ; free physical = 6204 ; free virtual = 52646
---------------------------------------------------------------------------------
---------------------------------------------------------------------------------
Start Writing Synthesis Report
---------------------------------------------------------------------------------

Report BlackBoxes: 
+-+--------------+----------+
| |BlackBox name |Instances |
+-+--------------+----------+
+-+--------------+----------+

Report Cell Usage: 
+------+------+------+
|      |Cell  |Count |
+------+------+------+
|1     |LUT2  |    16|
|2     |MUXCY |    15|
|3     |XORCY |    16|
|4     |FDRE  |    16|
+------+------+------+
---------------------------------------------------------------------------------
Finished Writing Synthesis Report : Time (s): cpu = 00:00:24 ; elapsed = 00:00:25 . Memory (MB): peak = 3867.574 ; gain = 735.020 ; free physical = 6203 ; free virtual = 52646
---------------------------------------------------------------------------------
Synthesis finished with 0 errors, 0 critical warnings and 0 warnings.
Synthesis Optimization Runtime : Time (s): cpu = 00:00:18 ; elapsed = 00:00:20 . Memory (MB): peak = 3867.574 ; gain = 558.488 ; free physical = 6218 ; free virtual = 52661
Synthesis Optimization Complete : Time (s): cpu = 00:00:24 ; elapsed = 00:00:26 . Memory (MB): peak = 3867.582 ; gain = 735.020 ; free physical = 6218 ; free virtual = 52661
INFO: [Project 1-571] Translating synthesized netlist
Netlist sorting complete. Time (s): cpu = 00:00:00 ; elapsed = 00:00:00 . Memory (MB): peak = 3867.582 ; gain = 0.000 ; free physical = 6208 ; free virtual = 52650
INFO: [Netlist 29-17] Analyzing 31 Unisim elements for replacement
INFO: [Netlist 29-28] Unisim Transformation completed in 0 CPU seconds
INFO: [Project 1-570] Preparing netlist for logic optimization
INFO: [Opt 31-138] Pushed 0 inverter(s) to 0 load pin(s).
Netlist sorting complete. Time (s): cpu = 00:00:00 ; elapsed = 00:00:00 . Memory (MB): peak = 3943.590 ; gain = 0.000 ; free physical = 6590 ; free virtual = 53033
INFO: [Project 1-111] Unisim Transformation Summary:
  A total of 2 instances were transformed.
  (CARRY4) => CARRY8: 2 instances

Synth Design complete, checksum: add1490d
INFO: [Common 17-83] Releasing license: Synthesis
26 Infos, 0 Warnings, 0 Critical Warnings and 0 Errors encountered.
synth_design completed successfully
synth_design: Time (s): cpu = 00:00:36 ; elapsed = 00:00:34 . Memory (MB): peak = 3943.590 ; gain = 1315.402 ; free physical = 6686 ; free virtual = 53129
INFO: [Common 17-1381] The checkpoint '/home/caohy168/Work/bbp_vcu128/xdma_bpu_ex/xdma_bpu_ex.runs/add_duc_synth_1/add_duc.dcp' has been generated.
INFO: [Coretcl 2-1648] Added synthesis output to IP cache for IP add_duc, cache-ID = e459c3fd83c0d7a5
INFO: [Coretcl 2-1174] Renamed 6 cell refs.
INFO: [Common 17-1381] The checkpoint '/home/caohy168/Work/bbp_vcu128/xdma_bpu_ex/xdma_bpu_ex.runs/add_duc_synth_1/add_duc.dcp' has been generated.
INFO: [runtcl-4] Executing : report_utilization -file add_duc_utilization_synth.rpt -pb add_duc_utilization_synth.pb
INFO: [Common 17-206] Exiting Vivado at Thu Aug 26 04:14:35 2021...
