#-----------------------------------------------------------
# Vivado v2021.1 (64-bit)
# SW Build 3247384 on Thu Jun 10 19:36:07 MDT 2021
# IP Build 3246043 on Fri Jun 11 00:30:35 MDT 2021
# Start of session at: Thu Oct 14 18:12:21 2021
# Process ID: 14081
# Current directory: /home/caohuiyang/Work/bbp_vcu128/xdma_bpu_ex
# Command line: vivado xdma_bpu_ex.xpr
# Log file: /home/caohuiyang/Work/bbp_vcu128/xdma_bpu_ex/vivado.log
# Journal file: /home/caohuiyang/Work/bbp_vcu128/xdma_bpu_ex/vivado.jou
#-----------------------------------------------------------
start_gui
open_project xdma_bpu_ex.xpr
Scanning sources...
Finished scanning sources
INFO: [IP_Flow 19-234] Refreshing IP repositories
INFO: [IP_Flow 19-1700] Loaded user IP repository '/home/caohuiyang/Work/bbp_vcu128/xdma_bpu_ex/imports/apsk_mdem/apskmod'.
INFO: [IP_Flow 19-1700] Loaded user IP repository '/home/caohuiyang/Work/bbp_vcu128/xdma_bpu_ex/xdma_bpu_ex.srcs/sources_1/ip/rscodeco/rsdecode'.
INFO: [IP_Flow 19-1700] Loaded user IP repository '/home/caohuiyang/Work/bbp_vcu128/xdma_bpu_ex/xdma_bpu_ex.srcs/sources_1/ip/rscodeco/rscode'.
INFO: [IP_Flow 19-1700] Loaded user IP repository '/home/caohuiyang/Work/bbp_vcu128/xdma_bpu_ex/imports/apsk_mdem/apskdemod'.
INFO: [IP_Flow 19-2313] Loaded Vivado IP repository '/tools/Xilinx/Vivado/2021.1/data/ip'.
WARNING: [IP_Flow 19-2162] IP 'mac_phy_ten_gig_eth_pcs_pma_ch0_0' is locked:
* IP 'mac_phy_ten_gig_eth_pcs_pma_ch0_0' does not support the current project part 'xcvu37p-fsvh2892-2L-e'. Note that part differences may result in undefined behavior. * IP definition '10G Ethernet PCS/PMA (10GBASE-R/KR) (6.0)' for IP 'mac_phy_ten_gig_eth_pcs_pma_ch0_0' (customized with software release 2020.2) has a different revision in the IP Catalog.
WARNING: [IP_Flow 19-2162] IP 'mac_phy_ten_gig_eth_mac_ch0_0' is locked:
* IP 'mac_phy_ten_gig_eth_mac_ch0_0' does not support the current project part 'xcvu37p-fsvh2892-2L-e'. Note that part differences may result in undefined behavior.
WARNING: [IP_Flow 19-2162] IP 'rs_encoder' is locked:
* IP 'rs_encoder' requires one or more mandatory licenses but no valid licenses were found. However license checkpoints may prevent use of this IP in some tool flows.
WARNING: [IP_Flow 19-2162] IP 'rs_decoder' is locked:
* IP 'rs_decoder' requires one or more mandatory licenses but no valid licenses were found. However license checkpoints may prevent use of this IP in some tool flows.
INFO: [Device 21-403] Loading part xcku040-ffva1156-2-e
open_project: Time (s): cpu = 00:00:44 ; elapsed = 00:00:20 . Memory (MB): peak = 7817.258 ; gain = 219.660 ; free physical = 59253 ; free virtual = 63541
INFO: [IP_Flow 19-3899] Cannot get the environment domain name variable for the component vendor name. Setting the vendor name to 'user.org'.
update_compile_order -fileset sources_1
