#
# A fatal error has been detected by the Java Runtime Environment:
#
#  SIGSEGV (0xb) at pc=0x00007fb074f63f60, pid=1913675, tid=1913676
#
# JRE version: OpenJDK Runtime Environment (11.0.2+9) (build 11.0.2+9)
# Java VM: OpenJDK 64-Bit Server VM (11.0.2+9, mixed mode, tiered, compressed oops, g1 gc, linux-amd64)
# Problematic frame:
# C  0x00007fb074f63f60
#
# Core dump will be written. Default location: Core dumps may be processed with "/usr/share/apport/apport %p %s %c %d %P %E" (or dumping to /home/caohy168/Work/bbp_vcu128/rs_codeco/core.1913675)
#
# If you would like to submit a bug report, please visit:
#   http://bugreport.java.com/bugreport/crash.jsp
# The crash happened outside the Java Virtual Machine in native code.
# See problematic frame for where to report the bug.
#

---------------  S U M M A R Y ------------

Command Line: -Xms512m -Xmx4096m -XX:+HeapDumpOnOutOfMemoryError --add-modules=ALL-SYSTEM /tools/Xilinx/Vitis_HLS/2020.2/lnx64/tools/eclipse/plugins/org.eclipse.equinox.launcher_1.5.700.v20200207-2156.jar -showlocation -vm /tools/Xilinx/Vitis_HLS/2020.2/tps/lnx64/jre11.0.2/bin/java -clean -configuration /root/.Xilinx/vitis_hls/2020.2/workspace33 -data /root/.Xilinx/vitis_hls/2020.2/workspace33 -perspective com.autoesl.autopilot.ui.platform.perspective -application com.autoesl.autopilot.ui.platform.application -showsplash /tools/Xilinx/Vitis_HLS/2020.2/common/icons/splash_dark.bmp

Host: Intel(R) Core(TM) i9-9980XE CPU @ 3.00GHz, 36 cores, 78G, Ubuntu 20.04.2 LTS
Time: Tue Jul 13 05:02:34 2021 EDT elapsed time: 336 seconds (0d 0h 5m 36s)

---------------  T H R E A D  ---------------

Current thread (0x00007fb268013000):  JavaThread "main" [_thread_in_native, id=1913676, stack(0x00007fb26fcf2000,0x00007fb26fdf3000)]

Stack: [0x00007fb26fcf2000,0x00007fb26fdf3000],  sp=0x00007fb26fdeedb8,  free space=1011k
Native frames: (J=compiled Java code, A=aot compiled Java code, j=interpreted, Vv=VM code, C=native code)
C  0x00007fb074f63f60

Java frames: (J=compiled Java code, j=interpreted, Vv=VM code)
J 9456  org.eclipse.swt.internal.gtk.GDK.gdk_window_get_origin(J[I[I)I (0 bytes) @ 0x00007fb258fa0c39 [0x00007fb258fa0bc0+0x0000000000000079]
J 8944 c1 org.eclipse.swt.widgets.Control.sendMouseEvent(IIIIZIDDZI)Z (556 bytes) @ 0x00007fb252838ab4 [0x00007fb252837f40+0x0000000000000b74]
J 11511 c1 org.eclipse.swt.widgets.Control.gtk_enter_notify_event(JJ)J (395 bytes) @ 0x00007fb252e6e2cc [0x00007fb252e6c940+0x000000000000198c]
J 9497 c2 org.eclipse.swt.widgets.Widget.windowProc(JJJ)J (497 bytes) @ 0x00007fb258fac654 [0x00007fb258fac4a0+0x00000000000001b4]
J 9058 c2 org.eclipse.swt.widgets.Control.windowProc(JJJ)J (282 bytes) @ 0x00007fb258f33358 [0x00007fb258f33280+0x00000000000000d8]
J 11915 c2 org.eclipse.swt.widgets.Display.windowProc(JJJ)J (24 bytes) @ 0x00007fb25917db28 [0x00007fb25917d9c0+0x0000000000000168]
v  ~StubRoutines::call_stub
J 8507  org.eclipse.swt.internal.gtk.GTK.gtk_main_do_event(J)V (0 bytes) @ 0x00007fb258eddb11 [0x00007fb258eddac0+0x0000000000000051]
J 9365 c2 org.eclipse.swt.widgets.Display.eventProc(JJ)J (193 bytes) @ 0x00007fb258f86de4 [0x00007fb258f86d20+0x00000000000000c4]
v  ~StubRoutines::call_stub
J 8169  org.eclipse.swt.internal.gtk.OS.g_main_context_iteration(JZ)Z (0 bytes) @ 0x00007fb258e65814 [0x00007fb258e657c0+0x0000000000000054]
J 11950 c2 org.eclipse.swt.widgets.Display.readAndDispatch()Z (77 bytes) @ 0x00007fb259185128 [0x00007fb259184fe0+0x0000000000000148]
j  org.eclipse.e4.ui.internal.workbench.swt.PartRenderingEngine$5.run()V+564
j  org.eclipse.core.databinding.observable.Realm.runWithDefault(Lorg/eclipse/core/databinding/observable/Realm;Ljava/lang/Runnable;)V+12
j  org.eclipse.e4.ui.internal.workbench.swt.PartRenderingEngine.run(Lorg/eclipse/e4/ui/model/application/MApplicationElement;Lorg/eclipse/e4/core/contexts/IEclipseContext;)Ljava/lang/Object;+57
j  org.eclipse.e4.ui.internal.workbench.E4Workbench.createAndRunUI(Lorg/eclipse/e4/ui/model/application/MApplicationElement;)V+20
j  org.eclipse.ui.internal.Workbench.lambda$3(Lorg/eclipse/swt/widgets/Display;Lorg/eclipse/ui/application/WorkbenchAdvisor;[I)V+452
j  org.eclipse.ui.internal.Workbench$$Lambda$95.run()V+12
j  org.eclipse.core.databinding.observable.Realm.runWithDefault(Lorg/eclipse/core/databinding/observable/Realm;Ljava/lang/Runnable;)V+12
j  org.eclipse.ui.internal.Workbench.createAndRunWorkbench(Lorg/eclipse/swt/widgets/Display;Lorg/eclipse/ui/application/WorkbenchAdvisor;)I+16
j  org.eclipse.ui.PlatformUI.createAndRunWorkbench(Lorg/eclipse/swt/widgets/Display;Lorg/eclipse/ui/application/WorkbenchAdvisor;)I+2
j  com.autoesl.autopilot.ui.platform.Application.start(Lorg/eclipse/equinox/app/IApplicationContext;)Ljava/lang/Object;+122
j  org.eclipse.equinox.internal.app.EclipseAppHandle.run(Ljava/lang/Object;)Ljava/lang/Object;+138
j  org.eclipse.core.runtime.internal.adaptor.EclipseAppLauncher.runApplication(Ljava/lang/Object;)Ljava/lang/Object;+85
j  org.eclipse.core.runtime.internal.adaptor.EclipseAppLauncher.start(Ljava/lang/Object;)Ljava/lang/Object;+82
j  org.eclipse.core.runtime.adaptor.EclipseStarter.run(Ljava/lang/Object;)Ljava/lang/Object;+99
j  org.eclipse.core.runtime.adaptor.EclipseStarter.run([Ljava/lang/String;Ljava/lang/Runnable;)Ljava/lang/Object;+132
v  ~StubRoutines::call_stub
j  jdk.internal.reflect.NativeMethodAccessorImpl.invoke0(Ljava/lang/reflect/Method;Ljava/lang/Object;[Ljava/lang/Object;)Ljava/lang/Object;+0 java.base@11.0.2
