INFO: [HLS 200-10] Running '/tools/Xilinx/Vitis_HLS/2020.2/bin/unwrapped/lnx64.o/vitis_hls'
INFO: [HLS 200-10] For user 'root' on host 'caohy168' (Linux_x86_64 version 5.4.0-80-generic) on Wed Jul 28 22:58:46 EDT 2021
INFO: [HLS 200-10] On os Ubuntu 20.04.2 LTS
INFO: [HLS 200-10] In directory '/home/caohy168/Work/bbp_vcu128/apsk_mdem/apskmod'
Sourcing Tcl script '/home/caohy168/Work/bbp_vcu128/apsk_mdem/apskmod/apskmod/solution1/csim.tcl'
INFO: [HLS 200-1510] Running: open_project apskmod 
INFO: [HLS 200-10] Opening project '/home/caohy168/Work/bbp_vcu128/apsk_mdem/apskmod/apskmod'.
INFO: [HLS 200-1510] Running: set_top apskmod 
INFO: [HLS 200-1510] Running: add_files apskmod.cpp 
INFO: [HLS 200-10] Adding design file 'apskmod.cpp' to the project
INFO: [HLS 200-1510] Running: add_files apskmod.h 
INFO: [HLS 200-10] Adding design file 'apskmod.h' to the project
INFO: [HLS 200-1510] Running: add_files -tb apskmod_inspire.cpp -cflags -Wno-unknown-pragmas -csimflags -Wno-unknown-pragmas 
INFO: [HLS 200-10] Adding test bench file 'apskmod_inspire.cpp' to the project
INFO: [HLS 200-1510] Running: open_solution solution1 -flow_target vivado 
INFO: [HLS 200-10] Opening solution '/home/caohy168/Work/bbp_vcu128/apsk_mdem/apskmod/apskmod/solution1'.
INFO: [SYN 201-201] Setting up clock 'default' with a period of 10ns.
INFO: [HLS 200-10] Setting target device to 'xcvu37p-fsvh2892-2L-e'
INFO: [HLS 200-1505] Using flow_target 'vivado'
Resolution: For help on HLS 200-1505 see www.xilinx.com/cgi-bin/docs/rdoc?v=2020.2;t=hls+guidance;d=200-1505.html
INFO: [HLS 200-1510] Running: set_part xcvu37p-fsvh2892-2L-e 
INFO: [HLS 200-1510] Running: create_clock -period 10 -name default 
INFO: [SYN 201-201] Setting up clock 'default' with a period of 10ns.
INFO: [HLS 200-1510] Running: set_directive_top -name apskmod apskmod 
INFO: [HLS 200-1510] Running: set_directive_interface -mode axis -register -register_mode both apskmod mod_datin 
INFO: [HLS 200-1510] Running: set_directive_interface -mode axis -register -register_mode both apskmod modi 
INFO: [HLS 200-1510] Running: set_directive_interface -mode axis -register -register_mode both apskmod modq 
INFO: [HLS 200-1510] Running: set_directive_pipeline apskmod/apskmod_label0 
INFO: [HLS 200-1510] Running: set_directive_loop_flatten apskmod/apskmod_label1 
INFO: [HLS 200-1510] Running: set_directive_pipeline apskmod/apskmod_label2 
INFO: [HLS 200-1510] Running: csim_design -quiet 
INFO: [SIM 211-2] *************** CSIM start ***************
INFO: [SIM 211-4] CSIM will launch GCC as the compiler.
   Compiling ../../../../apskmod_inspire.cpp in debug mode
   Generating csim.exe

0,1,2,3,4,5,6,7,8,9,10,11,12,13,14,15,16,17,18,19,20,
21,22,23,24,25,26,27,28,29,30,31,32,33,34,35,36,37,38,39,40,41,
42,43,44,45,46,47,48,49,50,51,52,53,54,55,56,57,58,59,60,61,62,
63,0,1,2,3,4,5,6,7,8,9,10,11,12,13,14,15,16,17,18,19,
20,21,22,23,24,25,26,27,28,29,30,31,32,33,34,35,36,37,38,39,40,
41,42,43,44,45,46,47,48,49,50,51,52,53,54,55,56,57,58,59,60,61,
62,63,0,1,2,3,4,5,6,7,8,9,10,11,12,13,14,15,16,17,18,
19,20,21,22,23,24,25,26,27,28,29,30,31,32,33,34,35,36,37,38,39,
40,41,42,43,44,45,46,47,48,49,50,51,52,53,54,55,56,57,58,59,60,
61,62,63,0,1,2,3,4,5,6,7,8,9,10,11,12,13,14,15,16,17,
18,19,20,21,22,23,24,25,26,27,28,29,30,31,32,33,34,35,36,37,38,
39,40,41,42,43,44,45,46,47,48,49,50,51,52,53,54,55,56,57,58,59,
60,61,62,63,0,1,2,3,4,5,6,7,8,9,10,11,12,13,14,15,16,
17,18,19,20,21,22,23,24,25,26,27,28,29,30,31,32,33,34,35,36,37,
38,39,40,41,42,43,44,45,46,47,48,49,50,51,52,53,54,55,56,57,58,
59,60,61,62,63,0,1,2,3,4,5,6,7,8,9,10,11,12,13,14,15,
16,17,18,19,
modi out 340 display as below:
0.7391,-0.7391,0.7391,-0.7391,0.3061,-0.3061,0.3061,-0.3061,0.8485,-0.8485,0.8485,-0.8485,1.1591,-1.1591,1.1591,-1.1591,1.4142,-1.4142,1.4142,-1.4142,
1.782,-1.782,1.782,-1.782,0.3106,-0.3106,0.3106,-0.3106,1.9754,-1.9754,1.9754,-1.9754,0.3263,-0.3263,0.3263,-0.3263,0.9567,-0.9567,0.9567,-0.9567,
1.9834,-1.9834,1.9834,-1.9834,1.5219,-1.5219,1.5219,-1.5219,0.908,-0.908,0.908,-0.908,0.3129,-0.3129,0.3129,-0.3129,2.3097,-2.3097,2.3097,-2.3097,
2.4786,-2.4786,2.4786,-2.4786,0.7391,-0.7391,0.7391,-0.7391,0.3061,-0.3061,0.3061,-0.3061,0.8485,-0.8485,0.8485,-0.8485,1.1591,-1.1591,1.1591,-1.1591,
1.4142,-1.4142,1.4142,-1.4142,1.782,-1.782,1.782,-1.782,0.3106,-0.3106,0.3106,-0.3106,1.9754,-1.9754,1.9754,-1.9754,0.3263,-0.3263,0.3263,-0.3263,
0.9567,-0.9567,0.9567,-0.9567,1.9834,-1.9834,1.9834,-1.9834,1.5219,-1.5219,1.5219,-1.5219,0.908,-0.908,0.908,-0.908,0.3129,-0.3129,0.3129,-0.3129,
2.3097,-2.3097,2.3097,-2.3097,2.4786,-2.4786,2.4786,-2.4786,0.7391,-0.7391,0.7391,-0.7391,0.3061,-0.3061,0.3061,-0.3061,0.8485,-0.8485,0.8485,-0.8485,
1.1591,-1.1591,1.1591,-1.1591,1.4142,-1.4142,1.4142,-1.4142,1.782,-1.782,1.782,-1.782,0.3106,-0.3106,0.3106,-0.3106,1.9754,-1.9754,1.9754,-1.9754,
0.3263,-0.3263,0.3263,-0.3263,0.9567,-0.9567,0.9567,-0.9567,1.9834,-1.9834,1.9834,-1.9834,1.5219,-1.5219,1.5219,-1.5219,0.908,-0.908,0.908,-0.908,
0.3129,-0.3129,0.3129,-0.3129,2.3097,-2.3097,2.3097,-2.3097,2.4786,-2.4786,2.4786,-2.4786,0.7391,-0.7391,0.7391,-0.7391,0.3061,-0.3061,0.3061,-0.3061,
0.8485,-0.8485,0.8485,-0.8485,1.1591,-1.1591,1.1591,-1.1591,1.4142,-1.4142,1.4142,-1.4142,1.782,-1.782,1.782,-1.782,0.3106,-0.3106,0.3106,-0.3106,
1.9754,-1.9754,1.9754,-1.9754,0.3263,-0.3263,0.3263,-0.3263,0.9567,-0.9567,0.9567,-0.9567,1.9834,-1.9834,1.9834,-1.9834,1.5219,-1.5219,1.5219,-1.5219,
0.908,-0.908,0.908,-0.908,0.3129,-0.3129,0.3129,-0.3129,2.3097,-2.3097,2.3097,-2.3097,2.4786,-2.4786,2.4786,-2.4786,0.7391,-0.7391,0.7391,-0.7391,
0.3061,-0.3061,0.3061,-0.3061,0.8485,-0.8485,0.8485,-0.8485,1.1591,-1.1591,1.1591,-1.1591,1.4142,-1.4142,1.4142,-1.4142,1.782,-1.782,1.782,-1.782,
0.3106,-0.3106,0.3106,-0.3106,1.9754,-1.9754,1.9754,-1.9754,0.3263,-0.3263,0.3263,-0.3263,0.9567,-0.9567,0.9567,-0.9567,1.9834,-1.9834,1.9834,-1.9834,
1.5219,-1.5219,1.5219,-1.5219,0.908,-0.908,0.908,-0.908,0.3129,-0.3129,0.3129,-0.3129,2.3097,-2.3097,2.3097,-2.3097,2.4786,-2.4786,2.4786,-2.4786,
0.7391,-0.7391,0.7391,-0.7391,0.3061,-0.3061,0.3061,-0.3061,0.8485,-0.8485,0.8485,-0.8485,1.1591,-1.1591,1.1591,-1.1591,1.4142,-1.4142,1.4142,-1.4142,

modq out 340 display as below:
0.3061,0.3061,-0.3061,-0.3061,0.7391,0.7391,-0.7391,-0.7391,0.8485,0.8485,-0.8485,-0.8485,0.3106,0.3106,-0.3106,-0.3106,1.4142,1.4142,-1.4142,-1.4142,
0.908,0.908,-0.908,-0.908,1.1591,1.1591,-1.1591,-1.1591,0.3129,0.3129,-0.3129,-0.3129,2.4786,2.4786,-2.4786,-2.4786,2.3097,2.3097,-2.3097,-2.3097,
1.5219,1.5219,-1.5219,-1.5219,1.9834,1.9834,-1.9834,-1.9834,1.782,1.782,-1.782,-1.782,1.9754,1.9754,-1.9754,-1.9754,0.9567,0.9567,-0.9567,-0.9567,
0.3263,0.3263,-0.3263,-0.3263,0.3061,0.3061,-0.3061,-0.3061,0.7391,0.7391,-0.7391,-0.7391,0.8485,0.8485,-0.8485,-0.8485,0.3106,0.3106,-0.3106,-0.3106,
1.4142,1.4142,-1.4142,-1.4142,0.908,0.908,-0.908,-0.908,1.1591,1.1591,-1.1591,-1.1591,0.3129,0.3129,-0.3129,-0.3129,2.4786,2.4786,-2.4786,-2.4786,
2.3097,2.3097,-2.3097,-2.3097,1.5219,1.5219,-1.5219,-1.5219,1.9834,1.9834,-1.9834,-1.9834,1.782,1.782,-1.782,-1.782,1.9754,1.9754,-1.9754,-1.9754,
0.9567,0.9567,-0.9567,-0.9567,0.3263,0.3263,-0.3263,-0.3263,0.3061,0.3061,-0.3061,-0.3061,0.7391,0.7391,-0.7391,-0.7391,0.8485,0.8485,-0.8485,-0.8485,
0.3106,0.3106,-0.3106,-0.3106,1.4142,1.4142,-1.4142,-1.4142,0.908,0.908,-0.908,-0.908,1.1591,1.1591,-1.1591,-1.1591,0.3129,0.3129,-0.3129,-0.3129,
2.4786,2.4786,-2.4786,-2.4786,2.3097,2.3097,-2.3097,-2.3097,1.5219,1.5219,-1.5219,-1.5219,1.9834,1.9834,-1.9834,-1.9834,1.782,1.782,-1.782,-1.782,
1.9754,1.9754,-1.9754,-1.9754,0.9567,0.9567,-0.9567,-0.9567,0.3263,0.3263,-0.3263,-0.3263,0.3061,0.3061,-0.3061,-0.3061,0.7391,0.7391,-0.7391,-0.7391,
0.8485,0.8485,-0.8485,-0.8485,0.3106,0.3106,-0.3106,-0.3106,1.4142,1.4142,-1.4142,-1.4142,0.908,0.908,-0.908,-0.908,1.1591,1.1591,-1.1591,-1.1591,
0.3129,0.3129,-0.3129,-0.3129,2.4786,2.4786,-2.4786,-2.4786,2.3097,2.3097,-2.3097,-2.3097,1.5219,1.5219,-1.5219,-1.5219,1.9834,1.9834,-1.9834,-1.9834,
1.782,1.782,-1.782,-1.782,1.9754,1.9754,-1.9754,-1.9754,0.9567,0.9567,-0.9567,-0.9567,0.3263,0.3263,-0.3263,-0.3263,0.3061,0.3061,-0.3061,-0.3061,
0.7391,0.7391,-0.7391,-0.7391,0.8485,0.8485,-0.8485,-0.8485,0.3106,0.3106,-0.3106,-0.3106,1.4142,1.4142,-1.4142,-1.4142,0.908,0.908,-0.908,-0.908,
1.1591,1.1591,-1.1591,-1.1591,0.3129,0.3129,-0.3129,-0.3129,2.4786,2.4786,-2.4786,-2.4786,2.3097,2.3097,-2.3097,-2.3097,1.5219,1.5219,-1.5219,-1.5219,
1.9834,1.9834,-1.9834,-1.9834,1.782,1.782,-1.782,-1.782,1.9754,1.9754,-1.9754,-1.9754,0.9567,0.9567,-0.9567,-0.9567,0.3263,0.3263,-0.3263,-0.3263,
0.3061,0.3061,-0.3061,-0.3061,0.7391,0.7391,-0.7391,-0.7391,0.8485,0.8485,-0.8485,-0.8485,0.3106,0.3106,-0.3106,-0.3106,1.4142,1.4142,-1.4142,-1.4142,

INFO: [SIM 211-1] CSim done with 0 errors.
INFO: [SIM 211-3] *************** CSIM finish ***************
INFO: [HLS 200-111] Finished Command csim_design CPU user time: 0.83 seconds. CPU system time: 0.24 seconds. Elapsed time: 0.89 seconds; current allocated memory: 191.608 MB.
