#
# An unexpected error has occurred (11)
#
Stack:
/lib/x86_64-linux-gnu/libc.so.6(+0x46210) [0x7f4623335210]
/tools/Xilinx/Vitis_HLS/2020.2/lib/lnx64.o/libLLVM-3.1.so(llvm::Value::stripPointerCasts()+0xd7) [0x7f460af5db47]
/tools/Xilinx/Vitis_HLS/2020.2/lib/lnx64.o/libLLVM-3.1.so(+0xd01c82) [0x7f460b708c82]
/tools/Xilinx/Vitis_HLS/2020.2/lib/lnx64.o/libLLVM-3.1.so(+0xd03372) [0x7f460b70a372]
/tools/Xilinx/Vitis_HLS/2020.2/lib/lnx64.o/libLLVM-3.1.so(llvm::AliasAnalysis::getModRefInfo(llvm::StoreInst const*, llvm::AliasAnalysis::Location const&)+0xc4) [0x7f460b6f9284]
/tools/Xilinx/Vitis_HLS/2020.2/lib/lnx64.o/libLLVM-3.1.so(llvm::MemoryDependenceAnalysis::getPointerDependencyFrom(llvm::AliasAnalysis::Location const&, bool, llvm::ilist_iterator<llvm::Instruction>, llvm::BasicBlock*)+0x41b) [0x7f460b77d14b]
/tools/Xilinx/Vitis_HLS/2020.2/lib/lnx64.o/libLLVM-3.1.so(llvm::MemoryDependenceAnalysis::GetNonLocalInfoForBlock(llvm::AliasAnalysis::Location const&, bool, llvm::BasicBlock*, std::vector<llvm::NonLocalDepEntry, std::allocator<llvm::NonLocalDepEntry> >*, unsigned int)+0xd9) [0x7f460b77e2c9]
/tools/Xilinx/Vitis_HLS/2020.2/lib/lnx64.o/libLLVM-3.1.so(llvm::MemoryDependenceAnalysis::getNonLocalPointerDepFromBB(llvm::PHITransAddr const&, llvm::AliasAnalysis::Location const&, bool, llvm::BasicBlock*, llvm::SmallVectorImpl<llvm::NonLocalDepResult>&, llvm::DenseMap<llvm::BasicBlock*, llvm::Value*, llvm::DenseMapInfo<llvm::BasicBlock*> >&, bool, unsigned long)+0xde6) [0x7f460b77f776]
/tools/Xilinx/Vitis_HLS/2020.2/lib/lnx64.o/libLLVM-3.1.so(llvm::MemoryDependenceAnalysis::getNonLocalPointerDepFromBB(llvm::PHITransAddr const&, llvm::AliasAnalysis::Location const&, bool, llvm::BasicBlock*, llvm::SmallVectorImpl<llvm::NonLocalDepResult>&, llvm::DenseMap<llvm::BasicBlock*, llvm::Value*, llvm::DenseMapInfo<llvm::BasicBlock*> >&, bool, unsigned long)+0x12db) [0x7f460b77fc6b]
/tools/Xilinx/Vitis_HLS/2020.2/lib/lnx64.o/libLLVM-3.1.so(llvm::MemoryDependenceAnalysis::getNonLocalPointerDepFromBB(llvm::PHITransAddr const&, llvm::AliasAnalysis::Location const&, bool, llvm::BasicBlock*, llvm::SmallVectorImpl<llvm::NonLocalDepResult>&, llvm::DenseMap<llvm::BasicBlock*, llvm::Value*, llvm::DenseMapInfo<llvm::BasicBlock*> >&, bool, unsigned long)+0x12db) [0x7f460b77fc6b]
/tools/Xilinx/Vitis_HLS/2020.2/lib/lnx64.o/libLLVM-3.1.so(llvm::MemoryDependenceAnalysis::getNonLocalPointerDependency(llvm::AliasAnalysis::Location const&, bool, llvm::BasicBlock*, llvm::SmallVectorImpl<llvm::NonLocalDepResult>&, unsigned long)+0xd0) [0x7f460b780d20]
/tools/Xilinx/Vitis_HLS/2020.2/lib/lnx64.o/libLLVM-3.1.so(+0xaab85a) [0x7f460b4b285a]
/tools/Xilinx/Vitis_HLS/2020.2/lib/lnx64.o/libLLVM-3.1.so(+0xaaf9b3) [0x7f460b4b69b3]
/tools/Xilinx/Vitis_HLS/2020.2/lib/lnx64.o/libLLVM-3.1.so(+0xab12a0) [0x7f460b4b82a0]
/tools/Xilinx/Vitis_HLS/2020.2/lib/lnx64.o/libLLVM-3.1.so(llvm::FPPassManager::runOnFunction(llvm::Function&)+0x220) [0x7f460af53140]
/tools/Xilinx/Vitis_HLS/2020.2/lib/lnx64.o/libLLVM-3.1.so(llvm::FPPassManager::runOnModule(llvm::Module&)+0x33) [0x7f460af53553]
/tools/Xilinx/Vitis_HLS/2020.2/lib/lnx64.o/libLLVM-3.1.so(llvm::MPPassManager::runOnModule(llvm::Module&)+0x182) [0x7f460af53702]
/tools/Xilinx/Vitis_HLS/2020.2/lib/lnx64.o/libLLVM-3.1.so(llvm::PassManagerImpl::run(llvm::Module&)+0xac) [0x7f460af538bc]
/tools/Xilinx/Vitis_HLS/2020.2/lib/lnx64.o/libhls_main.so(+0xfe748) [0x7f4619693748]
/tools/Xilinx/Vitis_HLS/2020.2/lib/lnx64.o/libhls_support.so(xpcl::TclCommand::callbackInternal(int, Tcl_Obj* const*)+0xcc9) [0x7f461935e2a9]
/tools/Xilinx/Vitis_HLS/2020.2/lib/lnx64.o/libhls_support.so(xpcl::TclCommand::callback(int, Tcl_Obj* const*)+0x2b) [0x7f461936280b]
/tools/Xilinx/Vitis_HLS/2020.2/lib/lnx64.o/libtcl8.5.so(+0x3356f) [0x7f461e97456f]
/tools/Xilinx/Vitis_HLS/2020.2/lib/lnx64.o/libtcl8.5.so(+0x76945) [0x7f461e9b7945]
/tools/Xilinx/Vitis_HLS/2020.2/lib/lnx64.o/libtcl8.5.so(+0x7e0f9) [0x7f461e9bf0f9]
/tools/Xilinx/Vitis_HLS/2020.2/lib/lnx64.o/libtcl8.5.so(TclEvalObjEx+0x76) [0x7f461e976216]
/tools/Xilinx/Vitis_HLS/2020.2/lib/lnx64.o/librdi_commontasks.so(+0x1db9d7) [0x7f46114cb9d7]
/tools/Xilinx/Vitis_HLS/2020.2/lib/lnx64.o/libtcl8.5.so(+0x3356f) [0x7f461e97456f]
/tools/Xilinx/Vitis_HLS/2020.2/lib/lnx64.o/libtcl8.5.so(+0x76945) [0x7f461e9b7945]
/tools/Xilinx/Vitis_HLS/2020.2/lib/lnx64.o/libtcl8.5.so(TclObjInterpProcCore+0x420) [0x7f461e9f8ed0]
/tools/Xilinx/Vitis_HLS/2020.2/lib/lnx64.o/libtcl8.5.so(+0x3356f) [0x7f461e97456f]
/tools/Xilinx/Vitis_HLS/2020.2/lib/lnx64.o/libtcl8.5.so(+0x76945) [0x7f461e9b7945]
/tools/Xilinx/Vitis_HLS/2020.2/lib/lnx64.o/libtcl8.5.so(+0x7e0f9) [0x7f461e9bf0f9]
/tools/Xilinx/Vitis_HLS/2020.2/lib/lnx64.o/libtcl8.5.so(TclEvalObjEx+0x76) [0x7f461e976216]
/tools/Xilinx/Vitis_HLS/2020.2/lib/lnx64.o/librdi_commontasks.so(+0x1db9d7) [0x7f46114cb9d7]
/tools/Xilinx/Vitis_HLS/2020.2/lib/lnx64.o/libtcl8.5.so(+0x3356f) [0x7f461e97456f]
/tools/Xilinx/Vitis_HLS/2020.2/lib/lnx64.o/libtcl8.5.so(+0x76945) [0x7f461e9b7945]
/tools/Xilinx/Vitis_HLS/2020.2/lib/lnx64.o/libtcl8.5.so(TclObjInterpProcCore+0x420) [0x7f461e9f8ed0]
/tools/Xilinx/Vitis_HLS/2020.2/lib/lnx64.o/libtcl8.5.so(+0x3356f) [0x7f461e97456f]
/tools/Xilinx/Vitis_HLS/2020.2/lib/lnx64.o/libtcl8.5.so(+0x76945) [0x7f461e9b7945]
/tools/Xilinx/Vitis_HLS/2020.2/lib/lnx64.o/libtcl8.5.so(TclObjInterpProcCore+0x420) [0x7f461e9f8ed0]
/tools/Xilinx/Vitis_HLS/2020.2/lib/lnx64.o/libtcl8.5.so(+0x3356f) [0x7f461e97456f]
/tools/Xilinx/Vitis_HLS/2020.2/lib/lnx64.o/libtcl8.5.so(+0x76945) [0x7f461e9b7945]
/tools/Xilinx/Vitis_HLS/2020.2/lib/lnx64.o/libtcl8.5.so(+0x7e0f9) [0x7f461e9bf0f9]
/tools/Xilinx/Vitis_HLS/2020.2/lib/lnx64.o/libtcl8.5.so(TclEvalObjEx+0x76) [0x7f461e976216]
/tools/Xilinx/Vitis_HLS/2020.2/lib/lnx64.o/librdi_commontasks.so(+0x1db9d7) [0x7f46114cb9d7]
/tools/Xilinx/Vitis_HLS/2020.2/lib/lnx64.o/libtcl8.5.so(+0x3356f) [0x7f461e97456f]
/tools/Xilinx/Vitis_HLS/2020.2/lib/lnx64.o/libtcl8.5.so(+0x76945) [0x7f461e9b7945]
/tools/Xilinx/Vitis_HLS/2020.2/lib/lnx64.o/libtcl8.5.so(Tcl_ExprObj+0xf8) [0x7f461e9becd8]
/tools/Xilinx/Vitis_HLS/2020.2/lib/lnx64.o/libtcl8.5.so(Tcl_ExprBooleanObj+0x16) [0x7f461e974f56]
/tools/Xilinx/Vitis_HLS/2020.2/lib/lnx64.o/libtcl8.5.so(+0x3e7ae) [0x7f461e97f7ae]
/tools/Xilinx/Vitis_HLS/2020.2/lib/lnx64.o/libtcl8.5.so(+0x3356f) [0x7f461e97456f]
/tools/Xilinx/Vitis_HLS/2020.2/lib/lnx64.o/libtcl8.5.so(+0x34bf8) [0x7f461e975bf8]
/tools/Xilinx/Vitis_HLS/2020.2/lib/lnx64.o/libtcl8.5.so(Tcl_EvalEx+0x13) [0x7f461e976163]
/tools/Xilinx/Vitis_HLS/2020.2/lib/lnx64.o/libtcl8.5.so(Tcl_Eval+0x15) [0x7f461e976185]
/tools/Xilinx/Vitis_HLS/2020.2/lib/lnx64.o/libhls_main.so(+0xa3071) [0x7f4619638071]
/tools/Xilinx/Vitis_HLS/2020.2/lib/lnx64.o/libhls_support.so(xpcl::TclCommand::callbackInternal(int, Tcl_Obj* const*)+0x5ed) [0x7f461935dbcd]
/tools/Xilinx/Vitis_HLS/2020.2/lib/lnx64.o/libhls_support.so(xpcl::TclCommand::callback(int, Tcl_Obj* const*)+0x2b) [0x7f461936280b]
/tools/Xilinx/Vitis_HLS/2020.2/lib/lnx64.o/libtcl8.5.so(+0x3356f) [0x7f461e97456f]
/tools/Xilinx/Vitis_HLS/2020.2/lib/lnx64.o/libtcl8.5.so(+0x76945) [0x7f461e9b7945]
/tools/Xilinx/Vitis_HLS/2020.2/lib/lnx64.o/libtcl8.5.so(TclObjInterpProcCore+0x420) [0x7f461e9f8ed0]
/tools/Xilinx/Vitis_HLS/2020.2/lib/lnx64.o/libtcl8.5.so(+0x3356f) [0x7f461e97456f]
/tools/Xilinx/Vitis_HLS/2020.2/lib/lnx64.o/libtcl8.5.so(+0x76945) [0x7f461e9b7945]
/tools/Xilinx/Vitis_HLS/2020.2/lib/lnx64.o/libtcl8.5.so(+0x7e0f9) [0x7f461e9bf0f9]
/tools/Xilinx/Vitis_HLS/2020.2/lib/lnx64.o/libtcl8.5.so(TclEvalObjEx+0x76) [0x7f461e976216]
/tools/Xilinx/Vitis_HLS/2020.2/lib/lnx64.o/librdi_commontasks.so(+0x1db9d7) [0x7f46114cb9d7]
/tools/Xilinx/Vitis_HLS/2020.2/lib/lnx64.o/libtcl8.5.so(+0x3356f) [0x7f461e97456f]
/tools/Xilinx/Vitis_HLS/2020.2/lib/lnx64.o/libtcl8.5.so(+0x76945) [0x7f461e9b7945]
/tools/Xilinx/Vitis_HLS/2020.2/lib/lnx64.o/libtcl8.5.so(Tcl_ExprObj+0xf8) [0x7f461e9becd8]
/tools/Xilinx/Vitis_HLS/2020.2/lib/lnx64.o/libtcl8.5.so(Tcl_ExprBooleanObj+0x16) [0x7f461e974f56]
/tools/Xilinx/Vitis_HLS/2020.2/lib/lnx64.o/libtcl8.5.so(+0x3e7ae) [0x7f461e97f7ae]
/tools/Xilinx/Vitis_HLS/2020.2/lib/lnx64.o/libtcl8.5.so(+0x3356f) [0x7f461e97456f]
/tools/Xilinx/Vitis_HLS/2020.2/lib/lnx64.o/libtcl8.5.so(+0x34bf8) [0x7f461e975bf8]
/tools/Xilinx/Vitis_HLS/2020.2/lib/lnx64.o/libtcl8.5.so(Tcl_EvalEx+0x13) [0x7f461e976163]
/tools/Xilinx/Vitis_HLS/2020.2/lib/lnx64.o/libtcl8.5.so(Tcl_Eval+0x15) [0x7f461e976185]
/tools/Xilinx/Vitis_HLS/2020.2/lib/lnx64.o/libhls_main.so(+0xa3071) [0x7f4619638071]
/tools/Xilinx/Vitis_HLS/2020.2/lib/lnx64.o/libhls_support.so(xpcl::TclCommand::callbackInternal(int, Tcl_Obj* const*)+0x5ed) [0x7f461935dbcd]
/tools/Xilinx/Vitis_HLS/2020.2/lib/lnx64.o/libhls_support.so(xpcl::TclCommand::callback(int, Tcl_Obj* const*)+0x2b) [0x7f461936280b]
/tools/Xilinx/Vitis_HLS/2020.2/lib/lnx64.o/libtcl8.5.so(+0x3356f) [0x7f461e97456f]
/tools/Xilinx/Vitis_HLS/2020.2/lib/lnx64.o/libtcl8.5.so(+0x76945) [0x7f461e9b7945]
/tools/Xilinx/Vitis_HLS/2020.2/lib/lnx64.o/libtcl8.5.so(TclObjInterpProcCore+0x420) [0x7f461e9f8ed0]
/tools/Xilinx/Vitis_HLS/2020.2/lib/lnx64.o/libtcl8.5.so(+0x3356f) [0x7f461e97456f]
/tools/Xilinx/Vitis_HLS/2020.2/lib/lnx64.o/libtcl8.5.so(+0x76945) [0x7f461e9b7945]
/tools/Xilinx/Vitis_HLS/2020.2/lib/lnx64.o/libtcl8.5.so(+0x7e0f9) [0x7f461e9bf0f9]
/tools/Xilinx/Vitis_HLS/2020.2/lib/lnx64.o/libtcl8.5.so(TclEvalObjEx+0x76) [0x7f461e976216]
/tools/Xilinx/Vitis_HLS/2020.2/lib/lnx64.o/librdi_commontasks.so(+0x1db9d7) [0x7f46114cb9d7]
/tools/Xilinx/Vitis_HLS/2020.2/lib/lnx64.o/libtcl8.5.so(+0x3356f) [0x7f461e97456f]
/tools/Xilinx/Vitis_HLS/2020.2/lib/lnx64.o/libtcl8.5.so(+0x76945) [0x7f461e9b7945]
/tools/Xilinx/Vitis_HLS/2020.2/lib/lnx64.o/libtcl8.5.so(Tcl_ExprObj+0xf8) [0x7f461e9becd8]
/tools/Xilinx/Vitis_HLS/2020.2/lib/lnx64.o/libtcl8.5.so(Tcl_ExprBooleanObj+0x16) [0x7f461e974f56]
/tools/Xilinx/Vitis_HLS/2020.2/lib/lnx64.o/libtcl8.5.so(+0x3e7ae) [0x7f461e97f7ae]
/tools/Xilinx/Vitis_HLS/2020.2/lib/lnx64.o/libtcl8.5.so(+0x3356f) [0x7f461e97456f]
/tools/Xilinx/Vitis_HLS/2020.2/lib/lnx64.o/libtcl8.5.so(+0x34bf8) [0x7f461e975bf8]
/tools/Xilinx/Vitis_HLS/2020.2/lib/lnx64.o/libtcl8.5.so(Tcl_EvalEx+0x13) [0x7f461e976163]
/tools/Xilinx/Vitis_HLS/2020.2/lib/lnx64.o/libtcl8.5.so(Tcl_Eval+0x15) [0x7f461e976185]
/tools/Xilinx/Vitis_HLS/2020.2/lib/lnx64.o/libhls_main.so(+0xa3071) [0x7f4619638071]
/tools/Xilinx/Vitis_HLS/2020.2/lib/lnx64.o/libhls_support.so(xpcl::TclCommand::callbackInternal(int, Tcl_Obj* const*)+0x5ed) [0x7f461935dbcd]
/tools/Xilinx/Vitis_HLS/2020.2/lib/lnx64.o/libhls_support.so(xpcl::TclCommand::callback(int, Tcl_Obj* const*)+0x2b) [0x7f461936280b]
/tools/Xilinx/Vitis_HLS/2020.2/lib/lnx64.o/libtcl8.5.so(+0x3356f) [0x7f461e97456f]
/tools/Xilinx/Vitis_HLS/2020.2/lib/lnx64.o/libtcl8.5.so(+0x34bf8) [0x7f461e975bf8]
/tools/Xilinx/Vitis_HLS/2020.2/lib/lnx64.o/libtcl8.5.so(Tcl_EvalEx+0x13) [0x7f461e976163]
/tools/Xilinx/Vitis_HLS/2020.2/lib/lnx64.o/libtcl8.5.so(Tcl_FSEvalFileEx+0x1da) [0x7f461e9dad2a]
/tools/Xilinx/Vitis_HLS/2020.2/lib/lnx64.o/libhls_main.so(ApSourceTclFile(std::__cxx11::basic_string<char, std::char_traits<char>, std::allocator<char> > const&, char const*)+0x77) [0x7f461962b257]
/tools/Xilinx/Vitis_HLS/2020.2/lib/lnx64.o/libhls_main.so(+0x9b4d9) [0x7f46196304d9]
/tools/Xilinx/Vitis_HLS/2020.2/lib/lnx64.o/libhls_support.so(xpcl::TclCommand::callbackInternal(int, Tcl_Obj* const*)+0x5ed) [0x7f461935dbcd]
/tools/Xilinx/Vitis_HLS/2020.2/lib/lnx64.o/libhls_support.so(xpcl::TclCommand::callback(int, Tcl_Obj* const*)+0x2b) [0x7f461936280b]
/tools/Xilinx/Vitis_HLS/2020.2/lib/lnx64.o/libtcl8.5.so(+0x3356f) [0x7f461e97456f]
/tools/Xilinx/Vitis_HLS/2020.2/lib/lnx64.o/libtcl8.5.so(Tcl_EvalObjv+0x32) [0x7f461e9746a2]
/tools/Xilinx/Vitis_HLS/2020.2/lib/lnx64.o/libtcl8.5.so(TclEvalObjEx+0x322) [0x7f461e9764c2]
/tools/Xilinx/Vitis_HLS/2020.2/lib/lnx64.o/librdi_hlstasks.so(+0x920a) [0x7f4619adb20a]
/tools/Xilinx/Vitis_HLS/2020.2/lib/lnx64.o/librdi_common.so(+0x9cfb1d) [0x7f4624676b1d]
/tools/Xilinx/Vitis_HLS/2020.2/lib/lnx64.o/libtcl8.5.so(+0x3356f) [0x7f461e97456f]
/tools/Xilinx/Vitis_HLS/2020.2/lib/lnx64.o/libtcl8.5.so(+0x34bf8) [0x7f461e975bf8]
/tools/Xilinx/Vitis_HLS/2020.2/lib/lnx64.o/libtcl8.5.so(Tcl_EvalEx+0x13) [0x7f461e976163]
/tools/Xilinx/Vitis_HLS/2020.2/lib/lnx64.o/libtcl8.5.so(TclEvalObjEx+0x3cf) [0x7f461e97656f]
/tools/Xilinx/Vitis_HLS/2020.2/lib/lnx64.o/libtcl8.5.so(+0xb7589) [0x7f461e9f8589]
/tools/Xilinx/Vitis_HLS/2020.2/lib/lnx64.o/libtcl8.5.so(+0x3356f) [0x7f461e97456f]
/tools/Xilinx/Vitis_HLS/2020.2/lib/lnx64.o/libtcl8.5.so(+0x76945) [0x7f461e9b7945]
/tools/Xilinx/Vitis_HLS/2020.2/lib/lnx64.o/libtcl8.5.so(TclObjInterpProcCore+0x420) [0x7f461e9f8ed0]
/tools/Xilinx/Vitis_HLS/2020.2/lib/lnx64.o/libtcl8.5.so(+0x3356f) [0x7f461e97456f]
/tools/Xilinx/Vitis_HLS/2020.2/lib/lnx64.o/libtcl8.5.so(+0x76945) [0x7f461e9b7945]
/tools/Xilinx/Vitis_HLS/2020.2/lib/lnx64.o/libtcl8.5.so(+0x7e0f9) [0x7f461e9bf0f9]
/tools/Xilinx/Vitis_HLS/2020.2/lib/lnx64.o/libtcl8.5.so(TclEvalObjEx+0x76) [0x7f461e976216]
/tools/Xilinx/Vitis_HLS/2020.2/lib/lnx64.o/librdi_commontasks.so(+0x1dba74) [0x7f46114cba74]
/tools/Xilinx/Vitis_HLS/2020.2/lib/lnx64.o/libtcl8.5.so(+0x3356f) [0x7f461e97456f]
/tools/Xilinx/Vitis_HLS/2020.2/lib/lnx64.o/libtcl8.5.so(+0x34bf8) [0x7f461e975bf8]
/tools/Xilinx/Vitis_HLS/2020.2/lib/lnx64.o/libtcl8.5.so(+0xad566) [0x7f461e9ee566]
/tools/Xilinx/Vitis_HLS/2020.2/lib/lnx64.o/libtcl8.5.so(+0x34785) [0x7f461e975785]
/tools/Xilinx/Vitis_HLS/2020.2/lib/lnx64.o/libtcl8.5.so(Tcl_EvalEx+0x13) [0x7f461e976163]
/tools/Xilinx/Vitis_HLS/2020.2/lib/lnx64.o/libtcl8.5.so(Tcl_FSEvalFileEx+0x1da) [0x7f461e9dad2a]
/tools/Xilinx/Vitis_HLS/2020.2/lib/lnx64.o/librdi_commontasks.so(+0x1f8c0d) [0x7f46114e8c0d]
/tools/Xilinx/Vitis_HLS/2020.2/lib/lnx64.o/librdi_common.so(+0x9cfb1d) [0x7f4624676b1d]
/tools/Xilinx/Vitis_HLS/2020.2/lib/lnx64.o/libtcl8.5.so(+0x3356f) [0x7f461e97456f]
/tools/Xilinx/Vitis_HLS/2020.2/lib/lnx64.o/libtcl8.5.so(Tcl_EvalObjv+0x32) [0x7f461e9746a2]
/tools/Xilinx/Vitis_HLS/2020.2/lib/lnx64.o/libtcl8.5.so(TclEvalObjEx+0x322) [0x7f461e9764c2]
/tools/Xilinx/Vitis_HLS/2020.2/lib/lnx64.o/librdi_commontasks.so(+0x23f1d9) [0x7f461152f1d9]
/tools/Xilinx/Vitis_HLS/2020.2/lib/lnx64.o/librdi_commontasks.so(+0x240bde) [0x7f4611530bde]
/tools/Xilinx/Vitis_HLS/2020.2/lib/lnx64.o/librdi_common.so(+0x9cfb1d) [0x7f4624676b1d]
/tools/Xilinx/Vitis_HLS/2020.2/lib/lnx64.o/libtcl8.5.so(+0x3356f) [0x7f461e97456f]
/tools/Xilinx/Vitis_HLS/2020.2/lib/lnx64.o/libtcl8.5.so(Tcl_EvalObjv+0x32) [0x7f461e9746a2]
/tools/Xilinx/Vitis_HLS/2020.2/lib/lnx64.o/libtcl8.5.so(TclEvalObjEx+0x322) [0x7f461e9764c2]
/tools/Xilinx/Vitis_HLS/2020.2/lib/lnx64.o/librdi_commonmain.so(+0xad53) [0x7f4623a9fd53]
/tools/Xilinx/Vitis_HLS/2020.2/lib/lnx64.o/libtcl8.5.so(Tcl_Main+0x1d0) [0x7f461e9e12f0]
/tools/Xilinx/Vitis_HLS/2020.2/lib/lnx64.o/librdi_common.so(+0xa1442b) [0x7f46246bb42b]
/lib/x86_64-linux-gnu/libpthread.so.0(+0x9609) [0x7f461b72f609]
/lib/x86_64-linux-gnu/libc.so.6(clone+0x43) [0x7f4623411293]
